2021-06-24 13:06:713 INFO  BasePage :36 - Launching Chrome Browser
2021-06-24 13:06:753 INFO  HomePage :18 - Clicking on Bank Manager Button[[ChromeDriver: chrome on WINDOWS (02e419bd2fe8ecc219b36bddb720902d)] -> xpath: //button[contains(text(),'Bank Manager Login')]]
2021-06-24 13:06:517 INFO  BasePage :36 - Launching Chrome Browser
2021-06-24 13:06:296 INFO  HomePage :18 - Clicking on Bank Manager Button[[ChromeDriver: chrome on WINDOWS (b532f764a5d079a6c2fd19e5b519b2e9)] -> xpath: //button[contains(text(),'Bank Manager Login')]]
2021-06-24 13:06:17 INFO  BankManagerLoginPage :18 - Clicking On Add Customer Button [[ChromeDriver: chrome on WINDOWS (b532f764a5d079a6c2fd19e5b519b2e9)] -> xpath: //button[contains(text(),'Add Customer')]]
2021-06-24 13:06:44 INFO  BasePage :36 - Launching Chrome Browser
2021-06-24 13:06:792 INFO  HomePage :18 - Clicking on Bank Manager Button[[ChromeDriver: chrome on WINDOWS (476c2b7642893b090c39f065db314801)] -> xpath: //button[contains(text(),'Bank Manager Login')]]
2021-06-24 13:06:633 INFO  BankManagerLoginPage :18 - Clicking On Add Customer Button [[ChromeDriver: chrome on WINDOWS (476c2b7642893b090c39f065db314801)] -> xpath: //button[contains(text(),'Add Customer')]]
2021-06-24 14:06:608 INFO  BasePage :36 - Launching Chrome Browser
2021-06-24 14:06:955 INFO  HomePage :18 - Clicking on Bank Manager Button[[ChromeDriver: chrome on WINDOWS (607054bf183988e502908f8621c41e25)] -> xpath: //button[contains(text(),'Bank Manager Login')]]
2021-06-24 14:06:373 INFO  BankManagerLoginPage :18 - Clicking On Add Customer Button [[ChromeDriver: chrome on WINDOWS (607054bf183988e502908f8621c41e25)] -> xpath: //button[contains(text(),'Add Customer')]]
2021-06-24 14:06:689 INFO  BasePage :36 - Launching Chrome Browser
2021-06-24 14:06:29 INFO  HomePage :18 - Clicking on Bank Manager Button[[ChromeDriver: chrome on WINDOWS (fa5374b973f27fec7aa28611c99ba734)] -> xpath: //button[contains(text(),'Bank Manager Login')]]
2021-06-24 14:06:430 INFO  BankManagerLoginPage :18 - Clicking On Add Customer Button [[ChromeDriver: chrome on WINDOWS (fa5374b973f27fec7aa28611c99ba734)] -> xpath: //button[contains(text(),'Add Customer')]]
2021-06-24 14:06:376 INFO  BasePage :36 - Launching Chrome Browser
2021-06-24 14:06:127 INFO  HomePage :18 - Clicking on Bank Manager Button[[ChromeDriver: chrome on WINDOWS (1b815bab087438982100ea2db9e0f5d1)] -> xpath: //button[contains(text(),'Bank Manager Login')]]
2021-06-24 14:06:174 INFO  BankManagerLoginPage :18 - Clicking On Add Customer Button [[ChromeDriver: chrome on WINDOWS (1b815bab087438982100ea2db9e0f5d1)] -> xpath: //button[contains(text(),'Add Customer')]]
2021-06-24 14:06:101 INFO  BasePage :36 - Launching Chrome Browser
2021-06-24 14:06:104 INFO  BasePage :36 - Launching Chrome Browser
2021-06-24 14:06:612 INFO  BasePage :36 - Launching Chrome Browser
2021-06-24 14:06:212 INFO  HomePage :18 - Clicking on Bank Manager Button[[ChromeDriver: chrome on WINDOWS (ebe129e37075b558beed1796099a4579)] -> xpath: //button[contains(text(),'Bank Manager Login')]]
2021-06-24 14:06:785 INFO  BankManagerLoginPage :18 - Clicking On Add Customer Button [[ChromeDriver: chrome on WINDOWS (ebe129e37075b558beed1796099a4579)] -> xpath: //button[contains(text(),'Add Customer')]]
2021-06-24 16:06:765 INFO  BasePage :36 - Launching Chrome Browser
2021-06-24 16:06:877 INFO  HomePage :18 - Clicking on Bank Manager Button[[ChromeDriver: chrome on WINDOWS (9e7c88ea83748c665966cb4d4a55d017)] -> xpath: //button[contains(text(),'Bank Manager Login')]]
2021-06-24 16:06:666 INFO  BankManagerLoginPage :18 - Clicking On Add Customer Button [[ChromeDriver: chrome on WINDOWS (9e7c88ea83748c665966cb4d4a55d017)] -> xpath: //button[contains(text(),'Add Customer')]]
2021-06-24 16:06:273 INFO  BasePage :36 - Launching Chrome Browser
2021-06-24 16:06:888 INFO  HomePage :18 - Clicking on Bank Manager Button[[ChromeDriver: chrome on WINDOWS (992bea05ede8e478401ed558eaa2e239)] -> xpath: //button[contains(text(),'Bank Manager Login')]]
2021-06-24 16:06:531 INFO  BankManagerLoginPage :18 - Clicking On Add Customer Button [[ChromeDriver: chrome on WINDOWS (992bea05ede8e478401ed558eaa2e239)] -> xpath: //button[contains(text(),'Add Customer')]]
2021-06-24 16:06:953 INFO  AddCustomerPage :21 - Enter first name [[ChromeDriver: chrome on WINDOWS (992bea05ede8e478401ed558eaa2e239)] -> xpath: //input[@placeholder='First Name']]
2021-06-24 17:06:547 INFO  BasePage :36 - Launching Chrome Browser
2021-06-24 17:06:73 INFO  HomePage :18 - Clicking on Bank Manager Button[[ChromeDriver: chrome on WINDOWS (c32b6fb81a673850abe84efb6ae94207)] -> xpath: //button[contains(text(),'Bank Manager Login')]]
2021-06-24 17:06:393 INFO  BankManagerLoginPage :18 - Clicking On Add Customer Button [[ChromeDriver: chrome on WINDOWS (c32b6fb81a673850abe84efb6ae94207)] -> xpath: //button[contains(text(),'Add Customer')]]
2021-06-24 17:06:964 INFO  AddCustomerPage :29 - Enter first name [[ChromeDriver: chrome on WINDOWS (c32b6fb81a673850abe84efb6ae94207)] -> xpath: //input[@placeholder='First Name']]
2021-06-24 17:06:463 INFO  AddCustomerPage :34 - Enter last name [[ChromeDriver: chrome on WINDOWS (c32b6fb81a673850abe84efb6ae94207)] -> xpath: //input[@placeholder='Last Name']]
2021-06-24 17:06:122 INFO  AddCustomerPage :39 - Enter Post Code [[ChromeDriver: chrome on WINDOWS (c32b6fb81a673850abe84efb6ae94207)] -> xpath: //input[@placeholder='Post Code']]
2021-06-24 20:06:908 INFO  BasePage :36 - Launching Chrome Browser
2021-06-24 20:06:653 INFO  HomePage :18 - Clicking on Bank Manager Button[[ChromeDriver: chrome on WINDOWS (cb226158f233f49e46a594f8756043dd)] -> xpath: //button[contains(text(),'Bank Manager Login')]]
2021-06-24 20:06:02 INFO  BankManagerLoginPage :18 - Clicking On Add Customer Button [[ChromeDriver: chrome on WINDOWS (cb226158f233f49e46a594f8756043dd)] -> xpath: //button[contains(text(),'Add Customer')]]
2021-06-24 20:06:585 INFO  AddCustomerPage :29 - Enter first name [[ChromeDriver: chrome on WINDOWS (cb226158f233f49e46a594f8756043dd)] -> xpath: //input[@placeholder='First Name']]
2021-06-24 20:06:862 INFO  AddCustomerPage :34 - Enter last name [[ChromeDriver: chrome on WINDOWS (cb226158f233f49e46a594f8756043dd)] -> xpath: //input[@placeholder='Last Name']]
2021-06-24 20:06:139 INFO  AddCustomerPage :39 - Enter Post Code [[ChromeDriver: chrome on WINDOWS (cb226158f233f49e46a594f8756043dd)] -> xpath: //input[@placeholder='Post Code']]
2021-06-24 20:06:950 INFO  BasePage :36 - Launching Chrome Browser
2021-06-24 20:06:519 INFO  HomePage :18 - Clicking on Bank Manager Button[[ChromeDriver: chrome on WINDOWS (c89ea00f159626a378ffa00c45208b82)] -> xpath: //button[contains(text(),'Bank Manager Login')]]
2021-06-24 20:06:961 INFO  BankManagerLoginPage :18 - Clicking On Add Customer Button [[ChromeDriver: chrome on WINDOWS (c89ea00f159626a378ffa00c45208b82)] -> xpath: //button[contains(text(),'Add Customer')]]
2021-06-24 20:06:889 INFO  AddCustomerPage :29 - Enter first name [[ChromeDriver: chrome on WINDOWS (c89ea00f159626a378ffa00c45208b82)] -> xpath: //input[@placeholder='First Name']]
2021-06-24 20:06:83 INFO  AddCustomerPage :34 - Enter last name [[ChromeDriver: chrome on WINDOWS (c89ea00f159626a378ffa00c45208b82)] -> xpath: //input[@placeholder='Last Name']]
2021-06-24 20:06:277 INFO  AddCustomerPage :39 - Enter Post Code [[ChromeDriver: chrome on WINDOWS (c89ea00f159626a378ffa00c45208b82)] -> xpath: //input[@placeholder='Post Code']]
2021-06-24 20:06:21 INFO  BasePage :36 - Launching Chrome Browser
2021-06-24 20:06:651 INFO  HomePage :18 - Clicking on Bank Manager Button[[ChromeDriver: chrome on WINDOWS (45b65c87518dc9993d905fd8e467a517)] -> xpath: //button[contains(text(),'Bank Manager Login')]]
2021-06-24 20:06:294 INFO  BankManagerLoginPage :18 - Clicking On Add Customer Button [[ChromeDriver: chrome on WINDOWS (45b65c87518dc9993d905fd8e467a517)] -> xpath: //button[contains(text(),'Add Customer')]]
2021-06-24 20:06:231 INFO  AddCustomerPage :29 - Enter first name [[ChromeDriver: chrome on WINDOWS (45b65c87518dc9993d905fd8e467a517)] -> xpath: //input[@placeholder='First Name']]
2021-06-24 20:06:577 INFO  AddCustomerPage :34 - Enter last name [[ChromeDriver: chrome on WINDOWS (45b65c87518dc9993d905fd8e467a517)] -> xpath: //input[@placeholder='Last Name']]
2021-06-24 20:06:762 INFO  AddCustomerPage :39 - Enter Post Code [[ChromeDriver: chrome on WINDOWS (45b65c87518dc9993d905fd8e467a517)] -> xpath: //input[@placeholder='Post Code']]
2021-06-24 20:06:875 INFO  BasePage :36 - Launching Chrome Browser
2021-06-24 20:06:410 INFO  HomePage :18 - Clicking on Bank Manager Button[[ChromeDriver: chrome on WINDOWS (6cfb8b2d77da32b747e08af247aaa37c)] -> xpath: //button[contains(text(),'Bank Manager Login')]]
2021-06-24 20:06:24 INFO  BankManagerLoginPage :18 - Clicking On Add Customer Button [[ChromeDriver: chrome on WINDOWS (6cfb8b2d77da32b747e08af247aaa37c)] -> xpath: //button[contains(text(),'Add Customer')]]
2021-06-24 20:06:376 INFO  AddCustomerPage :29 - Enter first name [[ChromeDriver: chrome on WINDOWS (6cfb8b2d77da32b747e08af247aaa37c)] -> xpath: //input[@placeholder='First Name']]
2021-06-24 20:06:624 INFO  AddCustomerPage :34 - Enter last name [[ChromeDriver: chrome on WINDOWS (6cfb8b2d77da32b747e08af247aaa37c)] -> xpath: //input[@placeholder='Last Name']]
2021-06-24 20:06:860 INFO  AddCustomerPage :39 - Enter Post Code [[ChromeDriver: chrome on WINDOWS (6cfb8b2d77da32b747e08af247aaa37c)] -> xpath: //input[@placeholder='Post Code']]
2021-06-24 20:06:991 INFO  BasePage :36 - Launching Chrome Browser
2021-06-24 20:06:186 INFO  HomePage :18 - Clicking on Bank Manager Button[[ChromeDriver: chrome on WINDOWS (ef80631fcb34897bfc2b1d7fcb1b4b65)] -> xpath: //button[contains(text(),'Bank Manager Login')]]
2021-06-24 20:06:542 INFO  BankManagerLoginPage :18 - Clicking On Add Customer Button [[ChromeDriver: chrome on WINDOWS (ef80631fcb34897bfc2b1d7fcb1b4b65)] -> xpath: //button[contains(text(),'Add Customer')]]
2021-06-24 21:06:126 INFO  AddCustomerPage :29 - Enter first name [[ChromeDriver: chrome on WINDOWS (ef80631fcb34897bfc2b1d7fcb1b4b65)] -> xpath: //input[@placeholder='First Name']]
2021-06-24 21:06:757 INFO  AddCustomerPage :34 - Enter last name [[ChromeDriver: chrome on WINDOWS (ef80631fcb34897bfc2b1d7fcb1b4b65)] -> xpath: //input[@placeholder='Last Name']]
2021-06-24 21:06:982 INFO  AddCustomerPage :39 - Enter Post Code [[ChromeDriver: chrome on WINDOWS (ef80631fcb34897bfc2b1d7fcb1b4b65)] -> xpath: //input[@placeholder='Post Code']]
2021-06-24 21:06:129 INFO  BasePage :36 - Launching Chrome Browser
2021-06-24 21:06:78 INFO  HomePage :18 - Clicking on Bank Manager Button[[ChromeDriver: chrome on WINDOWS (965d7b3efafe938d752405dcb5d8bfb6)] -> xpath: //button[contains(text(),'Bank Manager Login')]]
2021-06-24 21:06:438 INFO  BankManagerLoginPage :18 - Clicking On Add Customer Button [[ChromeDriver: chrome on WINDOWS (965d7b3efafe938d752405dcb5d8bfb6)] -> xpath: //button[contains(text(),'Add Customer')]]
2021-06-24 21:06:294 INFO  AddCustomerPage :29 - Enter first name [[ChromeDriver: chrome on WINDOWS (965d7b3efafe938d752405dcb5d8bfb6)] -> xpath: //input[@placeholder='First Name']]
2021-06-24 21:06:559 INFO  AddCustomerPage :34 - Enter last name [[ChromeDriver: chrome on WINDOWS (965d7b3efafe938d752405dcb5d8bfb6)] -> xpath: //input[@placeholder='Last Name']]
2021-06-24 21:06:255 INFO  AddCustomerPage :39 - Enter Post Code [[ChromeDriver: chrome on WINDOWS (965d7b3efafe938d752405dcb5d8bfb6)] -> xpath: //input[@placeholder='Post Code']]
2021-06-24 21:06:759 INFO  BasePage :36 - Launching Chrome Browser
2021-06-24 21:06:884 INFO  HomePage :18 - Clicking on Bank Manager Button[[ChromeDriver: chrome on WINDOWS (e192a50a5af30b6487b38a27c5e59c3c)] -> xpath: //button[contains(text(),'Bank Manager Login')]]
2021-06-24 21:06:570 INFO  BankManagerLoginPage :18 - Clicking On Add Customer Button [[ChromeDriver: chrome on WINDOWS (e192a50a5af30b6487b38a27c5e59c3c)] -> xpath: //button[contains(text(),'Add Customer')]]
2021-06-24 21:06:509 INFO  AddCustomerPage :29 - Enter first name [[ChromeDriver: chrome on WINDOWS (e192a50a5af30b6487b38a27c5e59c3c)] -> xpath: //input[@placeholder='First Name']]
2021-06-24 21:06:793 INFO  AddCustomerPage :34 - Enter last name [[ChromeDriver: chrome on WINDOWS (e192a50a5af30b6487b38a27c5e59c3c)] -> xpath: //input[@placeholder='Last Name']]
2021-06-24 21:06:57 INFO  AddCustomerPage :39 - Enter Post Code [[ChromeDriver: chrome on WINDOWS (e192a50a5af30b6487b38a27c5e59c3c)] -> xpath: //input[@placeholder='Post Code']]
2021-06-24 21:06:301 INFO  BasePage :36 - Launching Chrome Browser
2021-06-24 21:06:441 INFO  HomePage :18 - Clicking on Bank Manager Button[[ChromeDriver: chrome on WINDOWS (e5bde4105b6fc356ea893062cfe54416)] -> xpath: //button[contains(text(),'Bank Manager Login')]]
2021-06-24 21:06:851 INFO  BankManagerLoginPage :18 - Clicking On Add Customer Button [[ChromeDriver: chrome on WINDOWS (e5bde4105b6fc356ea893062cfe54416)] -> xpath: //button[contains(text(),'Add Customer')]]
2021-06-24 21:06:79 INFO  AddCustomerPage :29 - Enter first name [[ChromeDriver: chrome on WINDOWS (e5bde4105b6fc356ea893062cfe54416)] -> xpath: //input[@placeholder='First Name']]
2021-06-24 21:06:704 INFO  AddCustomerPage :34 - Enter last name [[ChromeDriver: chrome on WINDOWS (e5bde4105b6fc356ea893062cfe54416)] -> xpath: //input[@placeholder='Last Name']]
2021-06-24 21:06:45 INFO  AddCustomerPage :39 - Enter Post Code [[ChromeDriver: chrome on WINDOWS (e5bde4105b6fc356ea893062cfe54416)] -> xpath: //input[@placeholder='Post Code']]
2021-06-24 21:06:413 INFO  BasePage :36 - Launching Chrome Browser
2021-06-24 21:06:963 INFO  HomePage :18 - Clicking on Bank Manager Button[[ChromeDriver: chrome on WINDOWS (dbcf4f00dafc672dfce96e4dab946112)] -> xpath: //button[contains(text(),'Bank Manager Login')]]
2021-06-24 21:06:783 INFO  BankManagerLoginPage :18 - Clicking On Add Customer Button [[ChromeDriver: chrome on WINDOWS (dbcf4f00dafc672dfce96e4dab946112)] -> xpath: //button[contains(text(),'Add Customer')]]
2021-06-24 21:06:597 INFO  AddCustomerPage :29 - Enter first name [[ChromeDriver: chrome on WINDOWS (dbcf4f00dafc672dfce96e4dab946112)] -> xpath: //input[@placeholder='First Name']]
2021-06-24 21:06:68 INFO  AddCustomerPage :34 - Enter last name [[ChromeDriver: chrome on WINDOWS (dbcf4f00dafc672dfce96e4dab946112)] -> xpath: //input[@placeholder='Last Name']]
2021-06-24 21:06:384 INFO  AddCustomerPage :39 - Enter Post Code [[ChromeDriver: chrome on WINDOWS (dbcf4f00dafc672dfce96e4dab946112)] -> xpath: //input[@placeholder='Post Code']]
2021-06-24 21:06:769 INFO  BasePage :36 - Launching Chrome Browser
2021-06-24 21:06:76 INFO  HomePage :18 - Clicking on Bank Manager Button[[ChromeDriver: chrome on WINDOWS (00a7bf7f31c24203b078ac8ae323ec19)] -> xpath: //button[contains(text(),'Bank Manager Login')]]
2021-06-24 21:06:581 INFO  BankManagerLoginPage :18 - Clicking On Add Customer Button [[ChromeDriver: chrome on WINDOWS (00a7bf7f31c24203b078ac8ae323ec19)] -> xpath: //button[contains(text(),'Add Customer')]]
2021-06-24 21:06:130 INFO  AddCustomerPage :29 - Enter first name [[ChromeDriver: chrome on WINDOWS (00a7bf7f31c24203b078ac8ae323ec19)] -> xpath: //input[@placeholder='First Name']]
2021-06-24 21:06:723 INFO  AddCustomerPage :34 - Enter last name [[ChromeDriver: chrome on WINDOWS (00a7bf7f31c24203b078ac8ae323ec19)] -> xpath: //input[@placeholder='Last Name']]
2021-06-24 21:06:929 INFO  AddCustomerPage :39 - Enter Post Code [[ChromeDriver: chrome on WINDOWS (00a7bf7f31c24203b078ac8ae323ec19)] -> xpath: //input[@placeholder='Post Code']]
2021-06-24 21:06:364 INFO  BasePage :36 - Launching Chrome Browser
2021-06-24 21:06:458 INFO  HomePage :18 - Clicking on Bank Manager Button[[ChromeDriver: chrome on WINDOWS (4368b709bfcdd6324aba7e84edb72767)] -> xpath: //button[contains(text(),'Bank Manager Login')]]
2021-06-24 21:06:960 INFO  BankManagerLoginPage :26 - Clicking on Open Account Tab [[ChromeDriver: chrome on WINDOWS (4368b709bfcdd6324aba7e84edb72767)] -> xpath: //button[contains(text(),'Open Account')]]
2021-06-24 21:06:911 INFO  BasePage :36 - Launching Chrome Browser
2021-06-24 21:06:521 INFO  HomePage :18 - Clicking on Bank Manager Button[[ChromeDriver: chrome on WINDOWS (43be4e8a2f5d2618b635ab88ef62d205)] -> xpath: //button[contains(text(),'Bank Manager Login')]]
2021-06-24 21:06:909 INFO  BankManagerLoginPage :26 - Clicking on Open Account Tab [[ChromeDriver: chrome on WINDOWS (43be4e8a2f5d2618b635ab88ef62d205)] -> xpath: //button[contains(text(),'Open Account')]]
2021-06-24 22:06:875 INFO  BasePage :36 - Launching Chrome Browser
2021-06-24 22:06:462 INFO  HomePage :18 - Clicking on Bank Manager Button[[ChromeDriver: chrome on WINDOWS (bb515802348f4110f5ef66033b5fe5f7)] -> xpath: //button[contains(text(),'Bank Manager Login')]]
2021-06-24 22:06:74 INFO  BankManagerLoginPage :26 - Clicking on Open Account Tab [[ChromeDriver: chrome on WINDOWS (bb515802348f4110f5ef66033b5fe5f7)] -> xpath: //button[contains(text(),'Open Account')]]
2021-06-24 22:06:584 INFO  BasePage :36 - Launching Chrome Browser
2021-06-24 22:06:585 INFO  HomePage :18 - Clicking on Bank Manager Button[[ChromeDriver: chrome on WINDOWS (8cfb0ec972a701aebff811c89688fbd1)] -> xpath: //button[contains(text(),'Bank Manager Login')]]
2021-06-24 22:06:957 INFO  BankManagerLoginPage :26 - Clicking on Open Account Tab [[ChromeDriver: chrome on WINDOWS (8cfb0ec972a701aebff811c89688fbd1)] -> xpath: //button[contains(text(),'Open Account')]]
2021-06-24 22:06:303 INFO  OpenAccountPage :25 - Select customer from drop down list [[ChromeDriver: chrome on WINDOWS (8cfb0ec972a701aebff811c89688fbd1)] -> xpath: //select[@id='userSelect']]
2021-06-24 22:06:692 INFO  OpenAccountPage :30 - select currency from drop down list[[ChromeDriver: chrome on WINDOWS (8cfb0ec972a701aebff811c89688fbd1)] -> xpath: //select[@id='currency']]
2021-06-24 22:06:140 INFO  BasePage :36 - Launching Chrome Browser
2021-06-24 22:06:529 INFO  HomePage :21 - Clicking on Bank Manager Button[[ChromeDriver: chrome on WINDOWS (c7dc7c4c45377a73dc02f58441356792)] -> xpath: //button[contains(text(),'Bank Manager Login')]]
2021-06-24 22:06:832 INFO  BankManagerLoginPage :26 - Clicking on Open Account Tab [[ChromeDriver: chrome on WINDOWS (c7dc7c4c45377a73dc02f58441356792)] -> xpath: //button[contains(text(),'Open Account')]]
2021-06-24 22:06:482 INFO  OpenAccountPage :25 - Select customer 5from drop down list [[ChromeDriver: chrome on WINDOWS (c7dc7c4c45377a73dc02f58441356792)] -> xpath: //select[@id='userSelect']]
2021-06-24 22:06:263 INFO  OpenAccountPage :30 - select currency Poundfrom drop down list[[ChromeDriver: chrome on WINDOWS (c7dc7c4c45377a73dc02f58441356792)] -> xpath: //select[@id='currency']]
2021-06-24 22:06:536 INFO  BasePage :36 - Launching Chrome Browser
2021-06-24 22:06:437 INFO  HomePage :21 - Clicking on Bank Manager Button[[ChromeDriver: chrome on WINDOWS (1da3eab14a1ea233afe46dee42ce645f)] -> xpath: //button[contains(text(),'Bank Manager Login')]]
2021-06-24 22:06:835 INFO  BankManagerLoginPage :26 - Clicking on Open Account Tab [[ChromeDriver: chrome on WINDOWS (1da3eab14a1ea233afe46dee42ce645f)] -> xpath: //button[contains(text(),'Open Account')]]
2021-06-24 22:06:398 INFO  OpenAccountPage :25 - Select customer 5from drop down list [[ChromeDriver: chrome on WINDOWS (1da3eab14a1ea233afe46dee42ce645f)] -> xpath: //select[@id='userSelect']]
2021-06-24 22:06:578 INFO  OpenAccountPage :30 - select currency Poundfrom drop down list[[ChromeDriver: chrome on WINDOWS (1da3eab14a1ea233afe46dee42ce645f)] -> xpath: //select[@id='currency']]
2021-06-24 22:06:406 INFO  BasePage :36 - Launching Chrome Browser
2021-06-24 22:06:801 INFO  HomePage :21 - Clicking on Bank Manager Button[[ChromeDriver: chrome on WINDOWS (0824d9030863e0525ff8e0c6b7beb62b)] -> xpath: //button[contains(text(),'Bank Manager Login')]]
2021-06-24 22:06:727 INFO  BankManagerLoginPage :21 - Clicking On Add Customer Button [[ChromeDriver: chrome on WINDOWS (0824d9030863e0525ff8e0c6b7beb62b)] -> xpath: //button[contains(text(),'Add Customer')]]
2021-06-24 22:06:313 INFO  AddCustomerPage :29 - Enter first name [[ChromeDriver: chrome on WINDOWS (0824d9030863e0525ff8e0c6b7beb62b)] -> xpath: //input[@placeholder='First Name']]
2021-06-24 22:06:682 INFO  AddCustomerPage :34 - Enter last name [[ChromeDriver: chrome on WINDOWS (0824d9030863e0525ff8e0c6b7beb62b)] -> xpath: //input[@placeholder='Last Name']]
2021-06-24 22:06:158 INFO  AddCustomerPage :39 - Enter Post Code [[ChromeDriver: chrome on WINDOWS (0824d9030863e0525ff8e0c6b7beb62b)] -> xpath: //input[@placeholder='Post Code']]
2021-06-24 22:06:732 INFO  BasePage :36 - Launching Chrome Browser
2021-06-24 22:06:142 INFO  HomePage :21 - Clicking on Bank Manager Button[[ChromeDriver: chrome on WINDOWS (4ae26a3a348849b83b9227b0afb1717c)] -> xpath: //button[contains(text(),'Bank Manager Login')]]
2021-06-24 22:06:722 INFO  BankManagerLoginPage :21 - Clicking On Add Customer Button [[ChromeDriver: chrome on WINDOWS (4ae26a3a348849b83b9227b0afb1717c)] -> xpath: //button[contains(text(),'Add Customer')]]
2021-06-24 22:06:927 INFO  AddCustomerPage :29 - Enter first name [[ChromeDriver: chrome on WINDOWS (4ae26a3a348849b83b9227b0afb1717c)] -> xpath: //input[@placeholder='First Name']]
2021-06-24 22:06:495 INFO  AddCustomerPage :34 - Enter last name [[ChromeDriver: chrome on WINDOWS (4ae26a3a348849b83b9227b0afb1717c)] -> xpath: //input[@placeholder='Last Name']]
2021-06-24 22:06:988 INFO  AddCustomerPage :39 - Enter Post Code [[ChromeDriver: chrome on WINDOWS (4ae26a3a348849b83b9227b0afb1717c)] -> xpath: //input[@placeholder='Post Code']]
2021-06-24 23:06:555 INFO  BasePage :36 - Launching Chrome Browser
2021-06-24 23:06:325 INFO  HomePage :21 - Clicking on Bank Manager Button[[ChromeDriver: chrome on WINDOWS (05bed6f55952dbd2ba81179d9c21b761)] -> xpath: //button[contains(text(),'Bank Manager Login')]]
2021-06-24 23:06:827 INFO  BankManagerLoginPage :21 - Clicking On Add Customer Button [[ChromeDriver: chrome on WINDOWS (05bed6f55952dbd2ba81179d9c21b761)] -> xpath: //button[contains(text(),'Add Customer')]]
2021-06-24 23:06:763 INFO  AddCustomerPage :29 - Enter first name [[ChromeDriver: chrome on WINDOWS (05bed6f55952dbd2ba81179d9c21b761)] -> xpath: //input[@placeholder='First Name']]
2021-06-24 23:06:586 INFO  AddCustomerPage :34 - Enter last name [[ChromeDriver: chrome on WINDOWS (05bed6f55952dbd2ba81179d9c21b761)] -> xpath: //input[@placeholder='Last Name']]
2021-06-24 23:06:93 INFO  AddCustomerPage :39 - Enter Post Code [[ChromeDriver: chrome on WINDOWS (05bed6f55952dbd2ba81179d9c21b761)] -> xpath: //input[@placeholder='Post Code']]
2021-06-24 23:06:713 INFO  BasePage :36 - Launching Chrome Browser
2021-06-24 23:06:491 INFO  HomePage :21 - Clicking on Bank Manager Button[[ChromeDriver: chrome on WINDOWS (cb0b301c00e6d4795ff9984bf819e01b)] -> xpath: //button[contains(text(),'Bank Manager Login')]]
2021-06-24 23:06:955 INFO  BankManagerLoginPage :26 - Clicking on Open Account Tab [[ChromeDriver: chrome on WINDOWS (cb0b301c00e6d4795ff9984bf819e01b)] -> xpath: //button[contains(text(),'Open Account')]]
2021-06-24 23:06:26 INFO  BasePage :36 - Launching Chrome Browser
2021-06-24 23:06:231 INFO  HomePage :21 - Clicking on Bank Manager Button[[ChromeDriver: chrome on WINDOWS (4c1f90c59c58b678a1868809f0be8e78)] -> xpath: //button[contains(text(),'Bank Manager Login')]]
2021-06-24 23:06:562 INFO  BankManagerLoginPage :21 - Clicking On Add Customer Button [[ChromeDriver: chrome on WINDOWS (4c1f90c59c58b678a1868809f0be8e78)] -> xpath: //button[contains(text(),'Add Customer')]]
2021-06-24 23:06:910 INFO  AddCustomerPage :29 - Enter first name [[ChromeDriver: chrome on WINDOWS (4c1f90c59c58b678a1868809f0be8e78)] -> xpath: //input[@placeholder='First Name']]
2021-06-24 23:06:171 INFO  AddCustomerPage :34 - Enter last name [[ChromeDriver: chrome on WINDOWS (4c1f90c59c58b678a1868809f0be8e78)] -> xpath: //input[@placeholder='Last Name']]
2021-06-24 23:06:400 INFO  AddCustomerPage :39 - Enter Post Code [[ChromeDriver: chrome on WINDOWS (4c1f90c59c58b678a1868809f0be8e78)] -> xpath: //input[@placeholder='Post Code']]
2021-06-24 23:06:530 INFO  BasePage :36 - Launching Chrome Browser
2021-06-24 23:06:474 INFO  HomePage :21 - Clicking on Bank Manager ButtonProxy element for: DefaultElementLocator 'By.xpath: //button[contains(text(),'Bank Manager Login')]'
2021-06-24 23:06:680 INFO  BankManagerLoginPage :26 - Clicking on Open Account Tab [[ChromeDriver: chrome on WINDOWS (6223a98be059c3978c198cc5e6918308)] -> xpath: //button[contains(text(),'Open Account')]]
2021-06-25 00:06:84 INFO  BasePage :36 - Launching Chrome Browser
2021-06-25 00:06:502 INFO  HomePage :21 - Clicking on Bank Manager Button[[ChromeDriver: chrome on WINDOWS (f44255cd94a619681f4e5e940f48faea)] -> xpath: //button[contains(text(),'Bank Manager Login')]]
2021-06-25 00:06:846 INFO  BankManagerLoginPage :21 - Clicking On Add Customer Button [[ChromeDriver: chrome on WINDOWS (f44255cd94a619681f4e5e940f48faea)] -> xpath: //button[contains(text(),'Add Customer')]]
2021-06-25 00:06:05 INFO  AddCustomerPage :31 - Enter first name [[ChromeDriver: chrome on WINDOWS (f44255cd94a619681f4e5e940f48faea)] -> xpath: //input[@placeholder='First Name']]
2021-06-25 00:06:348 INFO  AddCustomerPage :36 - Enter last name [[ChromeDriver: chrome on WINDOWS (f44255cd94a619681f4e5e940f48faea)] -> xpath: //input[@placeholder='Last Name']]
2021-06-25 00:06:823 INFO  AddCustomerPage :41 - Enter Post Code [[ChromeDriver: chrome on WINDOWS (f44255cd94a619681f4e5e940f48faea)] -> xpath: //input[@placeholder='Post Code']]
2021-06-25 00:06:757 INFO  BasePage :47 - wrong Browser name
2021-06-25 01:06:575 INFO  BasePage :47 - wrong Browser name
2021-06-25 01:06:448 INFO  BasePage :36 - Launching Chrome Browser
2021-06-25 01:06:990 INFO  HomePage :21 - Clicking on Bank Manager Button[[ChromeDriver: chrome on WINDOWS (3ee5af40fdb81f4106b3b33d3949a445)] -> xpath: //button[contains(text(),'Bank Manager Login')]]
2021-06-25 01:06:275 INFO  BankManagerLoginPage :21 - Clicking On Add Customer Button [[ChromeDriver: chrome on WINDOWS (3ee5af40fdb81f4106b3b33d3949a445)] -> xpath: //button[contains(text(),'Add Customer')]]
2021-06-25 01:06:959 INFO  AddCustomerPage :31 - Enter first name [[ChromeDriver: chrome on WINDOWS (3ee5af40fdb81f4106b3b33d3949a445)] -> xpath: //input[@placeholder='First Name']]
2021-06-25 01:06:674 INFO  AddCustomerPage :36 - Enter last name [[ChromeDriver: chrome on WINDOWS (3ee5af40fdb81f4106b3b33d3949a445)] -> xpath: //input[@placeholder='Last Name']]
2021-06-25 01:06:137 INFO  AddCustomerPage :41 - Enter Post Code [[ChromeDriver: chrome on WINDOWS (3ee5af40fdb81f4106b3b33d3949a445)] -> xpath: //input[@placeholder='Post Code']]
2021-06-25 01:06:822 INFO  BasePage :36 - Launching Chrome Browser
2021-06-25 01:06:534 INFO  HomePage :21 - Clicking on Bank Manager Button[[ChromeDriver: chrome on WINDOWS (dd18ffdbbe5c9253454cff79290ce222)] -> xpath: //button[contains(text(),'Bank Manager Login')]]
2021-06-25 01:06:961 INFO  BankManagerLoginPage :26 - Clicking on Open Account Tab [[ChromeDriver: chrome on WINDOWS (dd18ffdbbe5c9253454cff79290ce222)] -> xpath: //button[contains(text(),'Open Account')]]
2021-06-25 14:06:460 INFO  BasePage :36 - Launching Chrome Browser
2021-06-25 14:06:347 INFO  CustomersPage :29 - select customer5from Drop down list[[ChromeDriver: chrome on WINDOWS (821ef93261f4c311c5ec9b4061f45ef2)] -> xpath: //select[@id='userSelect']]
2021-06-25 14:06:124 INFO  CustomersPage :34 - Click On Login Button[[ChromeDriver: chrome on WINDOWS (821ef93261f4c311c5ec9b4061f45ef2)] -> xpath: //button[contains(text(),'Login')]]
2021-06-25 14:06:29 INFO  AccountPage :74 - clicking on Withdrawl button[[ChromeDriver: chrome on WINDOWS (821ef93261f4c311c5ec9b4061f45ef2)] -> xpath: //button[contains(text(),'Withdrawl')]]
2021-06-25 14:06:561 INFO  AccountPage :79 - enter the amount50on the Withdrawl fieldProxy element for: DefaultElementLocator 'By.xpath: //input[@class='form-control ng-pristine ng-untouched ng-invalid ng-invalid-required']'
2021-06-25 14:06:783 INFO  AccountPage :84 - Clicking on Withdraw Button After Amount Entered[[ChromeDriver: chrome on WINDOWS (821ef93261f4c311c5ec9b4061f45ef2)] -> xpath: //button[@type='submit']]
2021-06-25 14:06:870 INFO  AccountPage :88 - getting text from Withdrawl Successful messageProxy element for: DefaultElementLocator 'By.xpath: //span[contains(text(),'Transaction successful')]'
2021-06-25 14:06:786 INFO  BasePage :36 - Launching Chrome Browser
2021-06-25 14:06:957 INFO  CustomersPage :29 - select customer5from Drop down list[[ChromeDriver: chrome on WINDOWS (be883ce153db810440ad79ad9bc2f9bd)] -> xpath: //select[@id='userSelect']]
2021-06-25 14:06:80 INFO  CustomersPage :34 - Click On Login Button[[ChromeDriver: chrome on WINDOWS (be883ce153db810440ad79ad9bc2f9bd)] -> xpath: //button[contains(text(),'Login')]]
2021-06-25 14:06:440 INFO  AccountPage :53 - Clicking on Deposit Button[[ChromeDriver: chrome on WINDOWS (be883ce153db810440ad79ad9bc2f9bd)] -> xpath: //button[contains(text(),'Deposit')]]
2021-06-25 14:06:416 INFO  BasePage :36 - Launching Chrome Browser
2021-06-25 14:06:900 INFO  CustomersPage :29 - select customer5from Drop down list[[ChromeDriver: chrome on WINDOWS (94e1c0389f7101acde50e2afb8a7f3ad)] -> xpath: //select[@id='userSelect']]
2021-06-25 14:06:259 INFO  CustomersPage :34 - Click On Login Button[[ChromeDriver: chrome on WINDOWS (94e1c0389f7101acde50e2afb8a7f3ad)] -> xpath: //button[contains(text(),'Login')]]
2021-06-25 14:06:535 INFO  AccountPage :53 - Clicking on Deposit Button[[ChromeDriver: chrome on WINDOWS (94e1c0389f7101acde50e2afb8a7f3ad)] -> xpath: //button[contains(text(),'Deposit')]]
2021-06-25 14:06:597 INFO  AccountPage :58 - enter the amount100to deposit field[[ChromeDriver: chrome on WINDOWS (94e1c0389f7101acde50e2afb8a7f3ad)] -> xpath: //input[@type='number']]
2021-06-25 14:06:769 INFO  AccountPage :63 - Click On Deposit amount Button after Amount Selected [[ChromeDriver: chrome on WINDOWS (94e1c0389f7101acde50e2afb8a7f3ad)] -> xpath: //button[@type='submit']]
2021-06-25 14:06:804 INFO  AccountPage :67 - Getting Text deposited successfully[[ChromeDriver: chrome on WINDOWS (94e1c0389f7101acde50e2afb8a7f3ad)] -> xpath: //span[contains(text(),'Deposit Successful')]]
2021-06-25 14:06:745 INFO  BasePage :36 - Launching Chrome Browser
2021-06-25 14:06:779 INFO  CustomersPage :29 - select customer5from Drop down list[[ChromeDriver: chrome on WINDOWS (882d8bffa89a47d3fa7cd66090dad3bf)] -> xpath: //select[@id='userSelect']]
2021-06-25 14:06:97 INFO  CustomersPage :34 - Click On Login Button[[ChromeDriver: chrome on WINDOWS (882d8bffa89a47d3fa7cd66090dad3bf)] -> xpath: //button[contains(text(),'Login')]]
2021-06-25 14:06:202 INFO  AccountPage :74 - clicking on Withdrawl button[[ChromeDriver: chrome on WINDOWS (882d8bffa89a47d3fa7cd66090dad3bf)] -> xpath: //button[contains(text(),'Withdrawl')]]
2021-06-25 14:06:586 INFO  AccountPage :79 - enter the amount50on the Withdrawl field[[ChromeDriver: chrome on WINDOWS (882d8bffa89a47d3fa7cd66090dad3bf)] -> xpath: //input[@type='number']]
2021-06-25 14:06:821 INFO  AccountPage :84 - Clicking on Withdraw Button After Amount Entered[[ChromeDriver: chrome on WINDOWS (882d8bffa89a47d3fa7cd66090dad3bf)] -> xpath: //button[@type='submit']]
2021-06-25 14:06:925 INFO  AccountPage :88 - getting text from Withdrawl Successful messageProxy element for: DefaultElementLocator 'By.xpath: //span[contains(text(),'Transaction successful')]'
2021-06-25 23:06:432 INFO  BasePage :36 - Launching Chrome Browser
2021-06-25 23:06:13 INFO  HomePage :24 - Clicking on Bank Manager Button[[ChromeDriver: chrome on WINDOWS (94450a00cbf430b41a8e2ae1adafd09c)] -> xpath: //button[contains(text(),'Bank Manager Login')]]
2021-06-25 23:06:343 INFO  BankManagerLoginPage :21 - Clicking On Add Customer Button [[ChromeDriver: chrome on WINDOWS (94450a00cbf430b41a8e2ae1adafd09c)] -> xpath: //button[contains(text(),'Add Customer')]]
2021-06-25 23:06:143 INFO  AddCustomerPage :31 - Enter first name [[ChromeDriver: chrome on WINDOWS (94450a00cbf430b41a8e2ae1adafd09c)] -> xpath: //input[@placeholder='First Name']]
2021-06-25 23:06:345 INFO  AddCustomerPage :36 - Enter last name [[ChromeDriver: chrome on WINDOWS (94450a00cbf430b41a8e2ae1adafd09c)] -> xpath: //input[@placeholder='Last Name']]
2021-06-25 23:06:538 INFO  AddCustomerPage :41 - Enter Post Code [[ChromeDriver: chrome on WINDOWS (94450a00cbf430b41a8e2ae1adafd09c)] -> xpath: //input[@placeholder='Post Code']]
2021-06-25 23:06:590 INFO  AddCustomerPage :46 - Clicking On Add Customer Button [[ChromeDriver: chrome on WINDOWS (94450a00cbf430b41a8e2ae1adafd09c)] -> xpath: //button[@class='btn btn-default']]
2021-06-25 23:06:807 INFO  AddCustomerPage :52 - Getting text from Alert Customer added successfully with customer id :6
2021-06-25 23:06:40 INFO  BasePage :36 - Launching Chrome Browser
2021-06-25 23:06:782 INFO  HomePage :24 - Clicking on Bank Manager Button[[ChromeDriver: chrome on WINDOWS (a3a6fb2c08819d3245423ecc3af41093)] -> xpath: //button[contains(text(),'Bank Manager Login')]]
2021-06-25 23:06:158 INFO  BankManagerLoginPage :21 - Clicking On Add Customer Button [[ChromeDriver: chrome on WINDOWS (a3a6fb2c08819d3245423ecc3af41093)] -> xpath: //button[contains(text(),'Add Customer')]]
2021-06-25 23:06:724 INFO  AddCustomerPage :31 - Enter first name [[ChromeDriver: chrome on WINDOWS (a3a6fb2c08819d3245423ecc3af41093)] -> xpath: //input[@placeholder='First Name']]
2021-06-25 23:06:936 INFO  AddCustomerPage :36 - Enter last name [[ChromeDriver: chrome on WINDOWS (a3a6fb2c08819d3245423ecc3af41093)] -> xpath: //input[@placeholder='Last Name']]
2021-06-25 23:06:170 INFO  AddCustomerPage :41 - Enter Post Code [[ChromeDriver: chrome on WINDOWS (a3a6fb2c08819d3245423ecc3af41093)] -> xpath: //input[@placeholder='Post Code']]
2021-06-25 23:06:220 INFO  AddCustomerPage :46 - Clicking On Add Customer Button [[ChromeDriver: chrome on WINDOWS (a3a6fb2c08819d3245423ecc3af41093)] -> xpath: //button[@class='btn btn-default']]
2021-06-25 23:06:456 INFO  AddCustomerPage :52 - Getting text from Alert Customer added successfully with customer id :6
2021-06-25 23:06:28 INFO  BasePage :36 - Launching Chrome Browser
2021-06-25 23:06:847 INFO  HomePage :24 - Clicking on Bank Manager Button[[ChromeDriver: chrome on WINDOWS (9875b95d1078cd99dc85be6f69bcd809)] -> xpath: //button[contains(text(),'Bank Manager Login')]]
2021-06-25 23:06:210 INFO  BankManagerLoginPage :26 - Clicking on Open Account Tab [[ChromeDriver: chrome on WINDOWS (9875b95d1078cd99dc85be6f69bcd809)] -> xpath: //button[contains(text(),'Open Account')]]
2021-06-25 23:06:71 INFO  BasePage :36 - Launching Chrome Browser
2021-06-25 23:06:577 INFO  HomePage :24 - Clicking on Bank Manager Button[[ChromeDriver: chrome on WINDOWS (0bcfed87363f3b85bb8e1318ef91f6b5)] -> xpath: //button[contains(text(),'Bank Manager Login')]]
2021-06-25 23:06:899 INFO  BankManagerLoginPage :21 - Clicking On Add Customer Button [[ChromeDriver: chrome on WINDOWS (0bcfed87363f3b85bb8e1318ef91f6b5)] -> xpath: //button[contains(text(),'Add Customer')]]
2021-06-25 23:06:322 INFO  AddCustomerPage :31 - Enter first name [[ChromeDriver: chrome on WINDOWS (0bcfed87363f3b85bb8e1318ef91f6b5)] -> xpath: //input[@placeholder='First Name']]
2021-06-25 23:06:552 INFO  AddCustomerPage :36 - Enter last name [[ChromeDriver: chrome on WINDOWS (0bcfed87363f3b85bb8e1318ef91f6b5)] -> xpath: //input[@placeholder='Last Name']]
2021-06-25 23:06:750 INFO  AddCustomerPage :41 - Enter Post Code [[ChromeDriver: chrome on WINDOWS (0bcfed87363f3b85bb8e1318ef91f6b5)] -> xpath: //input[@placeholder='Post Code']]
2021-06-25 23:06:797 INFO  AddCustomerPage :46 - Clicking On Add Customer Button [[ChromeDriver: chrome on WINDOWS (0bcfed87363f3b85bb8e1318ef91f6b5)] -> xpath: //button[@class='btn btn-default']]
2021-06-25 23:06:16 INFO  AddCustomerPage :52 - Getting text from Alert Customer added successfully with customer id :6
2021-06-25 23:06:277 INFO  BankManagerLoginPage :26 - Clicking on Open Account Tab [[ChromeDriver: chrome on WINDOWS (0bcfed87363f3b85bb8e1318ef91f6b5)] -> xpath: //button[contains(text(),'Open Account')]]
2021-06-25 23:06:953 INFO  OpenAccountPage :25 - Select customer 6from drop down list [[ChromeDriver: chrome on WINDOWS (0bcfed87363f3b85bb8e1318ef91f6b5)] -> xpath: //select[@id='userSelect']]
2021-06-25 23:06:191 INFO  OpenAccountPage :30 - select currency Poundfrom drop down list[[ChromeDriver: chrome on WINDOWS (0bcfed87363f3b85bb8e1318ef91f6b5)] -> xpath: //select[@id='currency']]
2021-06-25 23:06:230 INFO  OpenAccountPage :34 - click on process button[[ChromeDriver: chrome on WINDOWS (0bcfed87363f3b85bb8e1318ef91f6b5)] -> xpath: //button[contains(text(),'Process')]]
2021-06-25 23:06:326 INFO  OpenAccountPage :40 - Getting text from Alert Account created successfully with account Number :1016
2021-06-25 23:06:09 INFO  BasePage :36 - Launching Chrome Browser
2021-06-25 23:06:137 INFO  HomePage :24 - Clicking on Bank Manager Button[[ChromeDriver: chrome on WINDOWS (5cf7f086856f9a09330b54365ab7f72b)] -> xpath: //button[contains(text(),'Bank Manager Login')]]
2021-06-25 23:06:483 INFO  BankManagerLoginPage :21 - Clicking On Add Customer Button [[ChromeDriver: chrome on WINDOWS (5cf7f086856f9a09330b54365ab7f72b)] -> xpath: //button[contains(text(),'Add Customer')]]
2021-06-25 23:06:888 INFO  AddCustomerPage :31 - Enter first name [[ChromeDriver: chrome on WINDOWS (5cf7f086856f9a09330b54365ab7f72b)] -> xpath: //input[@placeholder='First Name']]
2021-06-25 23:06:89 INFO  AddCustomerPage :36 - Enter last name [[ChromeDriver: chrome on WINDOWS (5cf7f086856f9a09330b54365ab7f72b)] -> xpath: //input[@placeholder='Last Name']]
2021-06-25 23:06:311 INFO  AddCustomerPage :41 - Enter Post Code [[ChromeDriver: chrome on WINDOWS (5cf7f086856f9a09330b54365ab7f72b)] -> xpath: //input[@placeholder='Post Code']]
2021-06-25 23:06:365 INFO  AddCustomerPage :46 - Clicking On Add Customer Button [[ChromeDriver: chrome on WINDOWS (5cf7f086856f9a09330b54365ab7f72b)] -> xpath: //button[@class='btn btn-default']]
2021-06-25 23:06:612 INFO  AddCustomerPage :52 - Getting text from Alert Customer added successfully with customer id :6
2021-06-25 23:06:884 INFO  BankManagerLoginPage :26 - Clicking on Open Account Tab [[ChromeDriver: chrome on WINDOWS (5cf7f086856f9a09330b54365ab7f72b)] -> xpath: //button[contains(text(),'Open Account')]]
2021-06-25 23:06:556 INFO  OpenAccountPage :25 - Select customer 6from drop down list [[ChromeDriver: chrome on WINDOWS (5cf7f086856f9a09330b54365ab7f72b)] -> xpath: //select[@id='userSelect']]
2021-06-25 23:06:796 INFO  OpenAccountPage :30 - select currency Poundfrom drop down list[[ChromeDriver: chrome on WINDOWS (5cf7f086856f9a09330b54365ab7f72b)] -> xpath: //select[@id='currency']]
2021-06-25 23:06:835 INFO  OpenAccountPage :34 - click on process button[[ChromeDriver: chrome on WINDOWS (5cf7f086856f9a09330b54365ab7f72b)] -> xpath: //button[contains(text(),'Process')]]
2021-06-25 23:06:936 INFO  OpenAccountPage :40 - Getting text from Alert Account created successfully with account Number :1016
2021-06-25 23:06:969 INFO  OpenAccountPage :47 - Accept on alert
2021-06-25 23:06:363 INFO  BasePage :36 - Launching Chrome Browser
2021-06-25 23:06:62 INFO  HomePage :24 - Clicking on Bank Manager Button[[ChromeDriver: chrome on WINDOWS (30c9d197f28d17c25e9e3ab37d3981ca)] -> xpath: //button[contains(text(),'Bank Manager Login')]]
2021-06-25 23:06:705 INFO  BankManagerLoginPage :21 - Clicking On Add Customer Button [[ChromeDriver: chrome on WINDOWS (30c9d197f28d17c25e9e3ab37d3981ca)] -> xpath: //button[contains(text(),'Add Customer')]]
2021-06-25 23:06:74 INFO  AddCustomerPage :31 - Enter first name [[ChromeDriver: chrome on WINDOWS (30c9d197f28d17c25e9e3ab37d3981ca)] -> xpath: //input[@placeholder='First Name']]
2021-06-25 23:06:303 INFO  AddCustomerPage :36 - Enter last name [[ChromeDriver: chrome on WINDOWS (30c9d197f28d17c25e9e3ab37d3981ca)] -> xpath: //input[@placeholder='Last Name']]
2021-06-25 23:06:502 INFO  AddCustomerPage :41 - Enter Post Code [[ChromeDriver: chrome on WINDOWS (30c9d197f28d17c25e9e3ab37d3981ca)] -> xpath: //input[@placeholder='Post Code']]
2021-06-25 23:06:554 INFO  AddCustomerPage :46 - Clicking On Add Customer Button [[ChromeDriver: chrome on WINDOWS (30c9d197f28d17c25e9e3ab37d3981ca)] -> xpath: //button[@class='btn btn-default']]
2021-06-25 23:06:787 INFO  AddCustomerPage :52 - Getting text from Alert Customer added successfully with customer id :6
2021-06-25 23:06:918 INFO  HomePage :32 - Clicking on homebutton[[ChromeDriver: chrome on WINDOWS (30c9d197f28d17c25e9e3ab37d3981ca)] -> xpath: //button[contains(text(),'Home')]]
2021-06-25 23:06:96 INFO  HomePage :28 - Clicking on CustomerLoginButton[[ChromeDriver: chrome on WINDOWS (30c9d197f28d17c25e9e3ab37d3981ca)] -> xpath: //button[contains(text(),'Customer Login')]]
2021-06-25 23:06:835 INFO  CustomersPage :29 - select customer6from Drop down list[[ChromeDriver: chrome on WINDOWS (30c9d197f28d17c25e9e3ab37d3981ca)] -> xpath: //select[@id='userSelect']]
2021-06-25 23:06:965 INFO  CustomersPage :34 - Click On Login Button[[ChromeDriver: chrome on WINDOWS (30c9d197f28d17c25e9e3ab37d3981ca)] -> xpath: //button[contains(text(),'Login')]]
2021-06-25 23:06:02 INFO  AccountPage :42 - Getting text from Logout Button[[ChromeDriver: chrome on WINDOWS (30c9d197f28d17c25e9e3ab37d3981ca)] -> xpath: //button[contains(text(),'Logout')]]
2021-06-25 23:06:631 INFO  BasePage :36 - Launching Chrome Browser
2021-06-25 23:06:848 INFO  HomePage :24 - Clicking on Bank Manager Button[[ChromeDriver: chrome on WINDOWS (14224a6c0a511ac297ca49ac007fad04)] -> xpath: //button[contains(text(),'Bank Manager Login')]]
2021-06-25 23:06:269 INFO  BankManagerLoginPage :21 - Clicking On Add Customer Button [[ChromeDriver: chrome on WINDOWS (14224a6c0a511ac297ca49ac007fad04)] -> xpath: //button[contains(text(),'Add Customer')]]
2021-06-25 23:06:14 INFO  AddCustomerPage :31 - Enter first name [[ChromeDriver: chrome on WINDOWS (14224a6c0a511ac297ca49ac007fad04)] -> xpath: //input[@placeholder='First Name']]
2021-06-25 23:06:228 INFO  AddCustomerPage :36 - Enter last name [[ChromeDriver: chrome on WINDOWS (14224a6c0a511ac297ca49ac007fad04)] -> xpath: //input[@placeholder='Last Name']]
2021-06-25 23:06:446 INFO  AddCustomerPage :41 - Enter Post Code [[ChromeDriver: chrome on WINDOWS (14224a6c0a511ac297ca49ac007fad04)] -> xpath: //input[@placeholder='Post Code']]
2021-06-25 23:06:495 INFO  AddCustomerPage :46 - Clicking On Add Customer Button [[ChromeDriver: chrome on WINDOWS (14224a6c0a511ac297ca49ac007fad04)] -> xpath: //button[@class='btn btn-default']]
2021-06-25 23:06:736 INFO  AddCustomerPage :52 - Getting text from Alert Customer added successfully with customer id :6
2021-06-25 23:06:879 INFO  HomePage :32 - Clicking on homebutton[[ChromeDriver: chrome on WINDOWS (14224a6c0a511ac297ca49ac007fad04)] -> xpath: //button[contains(text(),'Home')]]
2021-06-25 23:06:55 INFO  HomePage :28 - Clicking on CustomerLoginButton[[ChromeDriver: chrome on WINDOWS (14224a6c0a511ac297ca49ac007fad04)] -> xpath: //button[contains(text(),'Customer Login')]]
2021-06-25 23:06:770 INFO  CustomersPage :33 - select customer6from Drop down list[[ChromeDriver: chrome on WINDOWS (14224a6c0a511ac297ca49ac007fad04)] -> xpath: //select[@id='userSelect']]
2021-06-25 23:06:916 INFO  CustomersPage :38 - Click On Login Button[[ChromeDriver: chrome on WINDOWS (14224a6c0a511ac297ca49ac007fad04)] -> xpath: //button[contains(text(),'Login')]]
2021-06-25 23:06:949 INFO  CustomersPage :47 - verifyTextYourLogOut[[ChromeDriver: chrome on WINDOWS (14224a6c0a511ac297ca49ac007fad04)] -> xpath: //button[contains(text(),'Logout')]]
2021-06-25 23:06:592 INFO  BasePage :36 - Launching Chrome Browser
2021-06-25 23:06:114 INFO  HomePage :24 - Clicking on Bank Manager Button[[ChromeDriver: chrome on WINDOWS (27fbacf8a42dcbf580a40524aea28103)] -> xpath: //button[contains(text(),'Bank Manager Login')]]
2021-06-25 23:06:467 INFO  BankManagerLoginPage :21 - Clicking On Add Customer Button [[ChromeDriver: chrome on WINDOWS (27fbacf8a42dcbf580a40524aea28103)] -> xpath: //button[contains(text(),'Add Customer')]]
2021-06-25 23:06:886 INFO  AddCustomerPage :31 - Enter first name [[ChromeDriver: chrome on WINDOWS (27fbacf8a42dcbf580a40524aea28103)] -> xpath: //input[@placeholder='First Name']]
2021-06-25 23:06:77 INFO  AddCustomerPage :36 - Enter last name [[ChromeDriver: chrome on WINDOWS (27fbacf8a42dcbf580a40524aea28103)] -> xpath: //input[@placeholder='Last Name']]
2021-06-25 23:06:302 INFO  AddCustomerPage :41 - Enter Post Code [[ChromeDriver: chrome on WINDOWS (27fbacf8a42dcbf580a40524aea28103)] -> xpath: //input[@placeholder='Post Code']]
2021-06-25 23:06:349 INFO  AddCustomerPage :46 - Clicking On Add Customer Button [[ChromeDriver: chrome on WINDOWS (27fbacf8a42dcbf580a40524aea28103)] -> xpath: //button[@class='btn btn-default']]
2021-06-25 23:06:622 INFO  AddCustomerPage :52 - Getting text from Alert Customer added successfully with customer id :6
2021-06-25 23:06:758 INFO  HomePage :32 - Clicking on homebutton[[ChromeDriver: chrome on WINDOWS (27fbacf8a42dcbf580a40524aea28103)] -> xpath: //button[contains(text(),'Home')]]
2021-06-25 23:06:950 INFO  HomePage :28 - Clicking on CustomerLoginButton[[ChromeDriver: chrome on WINDOWS (27fbacf8a42dcbf580a40524aea28103)] -> xpath: //button[contains(text(),'Customer Login')]]
2021-06-25 23:06:737 INFO  CustomersPage :33 - select customer6from Drop down list[[ChromeDriver: chrome on WINDOWS (27fbacf8a42dcbf580a40524aea28103)] -> xpath: //select[@id='userSelect']]
2021-06-25 23:06:879 INFO  CustomersPage :38 - Click On Login Button[[ChromeDriver: chrome on WINDOWS (27fbacf8a42dcbf580a40524aea28103)] -> xpath: //button[contains(text(),'Login')]]
2021-06-25 23:06:928 INFO  CustomersPage :47 - verifyTextYourLogOut[[ChromeDriver: chrome on WINDOWS (27fbacf8a42dcbf580a40524aea28103)] -> xpath: //button[contains(text(),'Logout')]]
2021-06-25 23:06:111 INFO  AccountPage :48 - click on Logout button[[ChromeDriver: chrome on WINDOWS (27fbacf8a42dcbf580a40524aea28103)] -> xpath: //button[contains(text(),'Logout')]]
2021-06-25 23:06:385 INFO  BasePage :36 - Launching Chrome Browser
2021-06-25 23:06:176 INFO  HomePage :24 - Clicking on Bank Manager Button[[ChromeDriver: chrome on WINDOWS (2b7434f5da79840b28609ab60d1e178d)] -> xpath: //button[contains(text(),'Bank Manager Login')]]
2021-06-25 23:06:30 INFO  BankManagerLoginPage :21 - Clicking On Add Customer Button [[ChromeDriver: chrome on WINDOWS (2b7434f5da79840b28609ab60d1e178d)] -> xpath: //button[contains(text(),'Add Customer')]]
2021-06-25 23:06:428 INFO  AddCustomerPage :31 - Enter first name [[ChromeDriver: chrome on WINDOWS (2b7434f5da79840b28609ab60d1e178d)] -> xpath: //input[@placeholder='First Name']]
2021-06-25 23:06:655 INFO  AddCustomerPage :36 - Enter last name [[ChromeDriver: chrome on WINDOWS (2b7434f5da79840b28609ab60d1e178d)] -> xpath: //input[@placeholder='Last Name']]
2021-06-25 23:06:856 INFO  AddCustomerPage :41 - Enter Post Code [[ChromeDriver: chrome on WINDOWS (2b7434f5da79840b28609ab60d1e178d)] -> xpath: //input[@placeholder='Post Code']]
2021-06-25 23:06:902 INFO  AddCustomerPage :46 - Clicking On Add Customer Button [[ChromeDriver: chrome on WINDOWS (2b7434f5da79840b28609ab60d1e178d)] -> xpath: //button[@class='btn btn-default']]
2021-06-25 23:06:126 INFO  AddCustomerPage :52 - Getting text from Alert Customer added successfully with customer id :6
2021-06-25 23:06:415 INFO  BankManagerLoginPage :26 - Clicking on Open Account Tab [[ChromeDriver: chrome on WINDOWS (2b7434f5da79840b28609ab60d1e178d)] -> xpath: //button[contains(text(),'Open Account')]]
2021-06-25 23:06:56 INFO  OpenAccountPage :25 - Select customer 6from drop down list [[ChromeDriver: chrome on WINDOWS (2b7434f5da79840b28609ab60d1e178d)] -> xpath: //select[@id='userSelect']]
2021-06-25 23:06:309 INFO  OpenAccountPage :30 - select currency Poundfrom drop down list[[ChromeDriver: chrome on WINDOWS (2b7434f5da79840b28609ab60d1e178d)] -> xpath: //select[@id='currency']]
2021-06-25 23:06:352 INFO  OpenAccountPage :34 - click on process button[[ChromeDriver: chrome on WINDOWS (2b7434f5da79840b28609ab60d1e178d)] -> xpath: //button[contains(text(),'Process')]]
2021-06-25 23:06:446 INFO  OpenAccountPage :40 - Getting text from Alert Account created successfully with account Number :1016
2021-06-25 23:06:461 INFO  OpenAccountPage :47 - Accept on alert
2021-06-25 23:06:508 INFO  HomePage :32 - Clicking on homebutton[[ChromeDriver: chrome on WINDOWS (2b7434f5da79840b28609ab60d1e178d)] -> xpath: //button[contains(text(),'Home')]]
2021-06-25 23:06:712 INFO  HomePage :28 - Clicking on CustomerLoginButton[[ChromeDriver: chrome on WINDOWS (2b7434f5da79840b28609ab60d1e178d)] -> xpath: //button[contains(text(),'Customer Login')]]
2021-06-25 23:06:273 INFO  CustomersPage :33 - select customer5from Drop down list[[ChromeDriver: chrome on WINDOWS (2b7434f5da79840b28609ab60d1e178d)] -> xpath: //select[@id='userSelect']]
2021-06-25 23:06:409 INFO  CustomersPage :38 - Click On Login Button[[ChromeDriver: chrome on WINDOWS (2b7434f5da79840b28609ab60d1e178d)] -> xpath: //button[contains(text(),'Login')]]
2021-06-25 23:06:737 INFO  AccountPage :53 - Clicking on Deposit Button[[ChromeDriver: chrome on WINDOWS (2b7434f5da79840b28609ab60d1e178d)] -> xpath: //button[contains(text(),'Deposit')]]
2021-06-25 23:06:85 INFO  AccountPage :58 - enter the amount100to deposit field[[ChromeDriver: chrome on WINDOWS (2b7434f5da79840b28609ab60d1e178d)] -> xpath: //input[@type='number']]
2021-06-25 23:06:246 INFO  AccountPage :63 - Click On Deposit amount Button after Amount Selected [[ChromeDriver: chrome on WINDOWS (2b7434f5da79840b28609ab60d1e178d)] -> xpath: //button[@type='submit']]
2021-06-25 23:06:279 INFO  AccountPage :67 - Getting Text deposited successfully[[ChromeDriver: chrome on WINDOWS (2b7434f5da79840b28609ab60d1e178d)] -> xpath: //span[contains(text(),'Deposit Successful')]]
2021-06-25 23:06:527 INFO  BasePage :36 - Launching Chrome Browser
2021-06-25 23:06:669 INFO  HomePage :24 - Clicking on Bank Manager Button[[ChromeDriver: chrome on WINDOWS (2ec3a68f98a966d5e04060f1ec91f8ec)] -> xpath: //button[contains(text(),'Bank Manager Login')]]
2021-06-25 23:06:367 INFO  BankManagerLoginPage :21 - Clicking On Add Customer Button [[ChromeDriver: chrome on WINDOWS (2ec3a68f98a966d5e04060f1ec91f8ec)] -> xpath: //button[contains(text(),'Add Customer')]]
2021-06-25 23:06:596 INFO  AddCustomerPage :31 - Enter first name [[ChromeDriver: chrome on WINDOWS (2ec3a68f98a966d5e04060f1ec91f8ec)] -> xpath: //input[@placeholder='First Name']]
2021-06-25 23:06:795 INFO  AddCustomerPage :36 - Enter last name [[ChromeDriver: chrome on WINDOWS (2ec3a68f98a966d5e04060f1ec91f8ec)] -> xpath: //input[@placeholder='Last Name']]
2021-06-25 23:06:61 INFO  AddCustomerPage :41 - Enter Post Code [[ChromeDriver: chrome on WINDOWS (2ec3a68f98a966d5e04060f1ec91f8ec)] -> xpath: //input[@placeholder='Post Code']]
2021-06-25 23:06:103 INFO  AddCustomerPage :46 - Clicking On Add Customer Button [[ChromeDriver: chrome on WINDOWS (2ec3a68f98a966d5e04060f1ec91f8ec)] -> xpath: //button[@class='btn btn-default']]
2021-06-25 23:06:345 INFO  AddCustomerPage :52 - Getting text from Alert Customer added successfully with customer id :6
2021-06-25 23:06:641 INFO  BankManagerLoginPage :26 - Clicking on Open Account Tab [[ChromeDriver: chrome on WINDOWS (2ec3a68f98a966d5e04060f1ec91f8ec)] -> xpath: //button[contains(text(),'Open Account')]]
2021-06-25 23:06:275 INFO  OpenAccountPage :25 - Select customer 6from drop down list [[ChromeDriver: chrome on WINDOWS (2ec3a68f98a966d5e04060f1ec91f8ec)] -> xpath: //select[@id='userSelect']]
2021-06-25 23:06:549 INFO  OpenAccountPage :30 - select currency Poundfrom drop down list[[ChromeDriver: chrome on WINDOWS (2ec3a68f98a966d5e04060f1ec91f8ec)] -> xpath: //select[@id='currency']]
2021-06-25 23:06:595 INFO  OpenAccountPage :34 - click on process button[[ChromeDriver: chrome on WINDOWS (2ec3a68f98a966d5e04060f1ec91f8ec)] -> xpath: //button[contains(text(),'Process')]]
2021-06-25 23:06:696 INFO  OpenAccountPage :40 - Getting text from Alert Account created successfully with account Number :1016
2021-06-25 23:06:724 INFO  OpenAccountPage :47 - Accept on alert
2021-06-25 23:06:765 INFO  HomePage :32 - Clicking on homebutton[[ChromeDriver: chrome on WINDOWS (2ec3a68f98a966d5e04060f1ec91f8ec)] -> xpath: //button[contains(text(),'Home')]]
2021-06-25 23:06:973 INFO  HomePage :28 - Clicking on CustomerLoginButton[[ChromeDriver: chrome on WINDOWS (2ec3a68f98a966d5e04060f1ec91f8ec)] -> xpath: //button[contains(text(),'Customer Login')]]
2021-06-25 23:06:558 INFO  CustomersPage :33 - select customer5from Drop down list[[ChromeDriver: chrome on WINDOWS (2ec3a68f98a966d5e04060f1ec91f8ec)] -> xpath: //select[@id='userSelect']]
2021-06-25 23:06:700 INFO  CustomersPage :38 - Click On Login Button[[ChromeDriver: chrome on WINDOWS (2ec3a68f98a966d5e04060f1ec91f8ec)] -> xpath: //button[contains(text(),'Login')]]
2021-06-25 23:06:00 INFO  AccountPage :53 - Clicking on Deposit Button[[ChromeDriver: chrome on WINDOWS (2ec3a68f98a966d5e04060f1ec91f8ec)] -> xpath: //button[contains(text(),'Deposit')]]
2021-06-25 23:06:361 INFO  AccountPage :58 - enter the amount100to deposit field[[ChromeDriver: chrome on WINDOWS (2ec3a68f98a966d5e04060f1ec91f8ec)] -> xpath: //input[@type='number']]
2021-06-25 23:06:505 INFO  AccountPage :63 - Click On Deposit amount Button after Amount Selected [[ChromeDriver: chrome on WINDOWS (2ec3a68f98a966d5e04060f1ec91f8ec)] -> xpath: //button[@type='submit']]
2021-06-25 23:06:527 INFO  AccountPage :67 - Getting Text deposited successfully[[ChromeDriver: chrome on WINDOWS (2ec3a68f98a966d5e04060f1ec91f8ec)] -> xpath: //span[contains(text(),'Deposit Successful')]]
2021-06-25 23:06:705 INFO  AccountPage :74 - clicking on Withdrawl button[[ChromeDriver: chrome on WINDOWS (2ec3a68f98a966d5e04060f1ec91f8ec)] -> xpath: //button[contains(text(),'Withdrawl')]]
2021-06-25 23:06:805 INFO  AccountPage :79 - enter the amount50on the Withdrawl field[[ChromeDriver: chrome on WINDOWS (2ec3a68f98a966d5e04060f1ec91f8ec)] -> xpath: //input[@type='number']]
2021-06-25 23:06:934 INFO  AccountPage :84 - Clicking on Withdraw Button After Amount Entered[[ChromeDriver: chrome on WINDOWS (2ec3a68f98a966d5e04060f1ec91f8ec)] -> xpath: //button[@type='submit']]
2021-06-25 23:06:70 INFO  AccountPage :88 - getting text from Withdrawl Successful messageProxy element for: DefaultElementLocator 'By.xpath: //span[contains(text(),'Transaction successful')]'
2021-06-25 23:06:799 INFO  BasePage :36 - Launching Chrome Browser
2021-06-25 23:06:145 INFO  HomePage :24 - Clicking on Bank Manager Button[[ChromeDriver: chrome on WINDOWS (c5e2f7ad21cfdc3cb60ac97cf10e5089)] -> xpath: //button[contains(text(),'Bank Manager Login')]]
2021-06-25 23:06:570 INFO  BankManagerLoginPage :21 - Clicking On Add Customer Button [[ChromeDriver: chrome on WINDOWS (c5e2f7ad21cfdc3cb60ac97cf10e5089)] -> xpath: //button[contains(text(),'Add Customer')]]
2021-06-25 23:06:257 INFO  AddCustomerPage :31 - Enter first name [[ChromeDriver: chrome on WINDOWS (c5e2f7ad21cfdc3cb60ac97cf10e5089)] -> xpath: //input[@placeholder='First Name']]
2021-06-25 23:06:478 INFO  AddCustomerPage :36 - Enter last name [[ChromeDriver: chrome on WINDOWS (c5e2f7ad21cfdc3cb60ac97cf10e5089)] -> xpath: //input[@placeholder='Last Name']]
2021-06-25 23:06:686 INFO  AddCustomerPage :41 - Enter Post Code [[ChromeDriver: chrome on WINDOWS (c5e2f7ad21cfdc3cb60ac97cf10e5089)] -> xpath: //input[@placeholder='Post Code']]
2021-06-25 23:06:728 INFO  AddCustomerPage :46 - Clicking On Add Customer Button [[ChromeDriver: chrome on WINDOWS (c5e2f7ad21cfdc3cb60ac97cf10e5089)] -> xpath: //button[@class='btn btn-default']]
2021-06-25 23:06:965 INFO  AddCustomerPage :52 - Getting text from Alert Customer added successfully with customer id :6
2021-06-25 23:06:246 INFO  BankManagerLoginPage :26 - Clicking on Open Account Tab [[ChromeDriver: chrome on WINDOWS (c5e2f7ad21cfdc3cb60ac97cf10e5089)] -> xpath: //button[contains(text(),'Open Account')]]
2021-06-25 23:06:895 INFO  OpenAccountPage :25 - Select customer 6from drop down list [[ChromeDriver: chrome on WINDOWS (c5e2f7ad21cfdc3cb60ac97cf10e5089)] -> xpath: //select[@id='userSelect']]
2021-06-25 23:06:143 INFO  OpenAccountPage :30 - select currency Poundfrom drop down list[[ChromeDriver: chrome on WINDOWS (c5e2f7ad21cfdc3cb60ac97cf10e5089)] -> xpath: //select[@id='currency']]
2021-06-25 23:06:180 INFO  OpenAccountPage :34 - click on process button[[ChromeDriver: chrome on WINDOWS (c5e2f7ad21cfdc3cb60ac97cf10e5089)] -> xpath: //button[contains(text(),'Process')]]
2021-06-25 23:06:276 INFO  OpenAccountPage :40 - Getting text from Alert Account created successfully with account Number :1016
2021-06-25 23:06:298 INFO  OpenAccountPage :47 - Accept on alert
2021-06-25 23:06:337 INFO  HomePage :32 - Clicking on homebutton[[ChromeDriver: chrome on WINDOWS (c5e2f7ad21cfdc3cb60ac97cf10e5089)] -> xpath: //button[contains(text(),'Home')]]
2021-06-25 23:06:534 INFO  HomePage :28 - Clicking on CustomerLoginButton[[ChromeDriver: chrome on WINDOWS (c5e2f7ad21cfdc3cb60ac97cf10e5089)] -> xpath: //button[contains(text(),'Customer Login')]]
2021-06-25 23:06:72 INFO  CustomersPage :33 - select customer5from Drop down list[[ChromeDriver: chrome on WINDOWS (c5e2f7ad21cfdc3cb60ac97cf10e5089)] -> xpath: //select[@id='userSelect']]
2021-06-25 23:06:201 INFO  CustomersPage :38 - Click On Login Button[[ChromeDriver: chrome on WINDOWS (c5e2f7ad21cfdc3cb60ac97cf10e5089)] -> xpath: //button[contains(text(),'Login')]]
2021-06-25 23:06:537 INFO  AccountPage :45 - Clicking on Deposit Button[[ChromeDriver: chrome on WINDOWS (c5e2f7ad21cfdc3cb60ac97cf10e5089)] -> xpath: //button[contains(text(),'Deposit')]]
2021-06-25 23:06:898 INFO  AccountPage :50 - enter the amount100to deposit field[[ChromeDriver: chrome on WINDOWS (c5e2f7ad21cfdc3cb60ac97cf10e5089)] -> xpath: //input[@type='number']]
2021-06-25 23:06:23 INFO  AccountPage :55 - Click On Deposit amount Button after Amount Selected [[ChromeDriver: chrome on WINDOWS (c5e2f7ad21cfdc3cb60ac97cf10e5089)] -> xpath: //button[@type='submit']]
2021-06-25 23:06:54 INFO  AccountPage :59 - Getting Text deposited successfully[[ChromeDriver: chrome on WINDOWS (c5e2f7ad21cfdc3cb60ac97cf10e5089)] -> xpath: //span[contains(text(),'Deposit Successful')]]
2021-06-25 23:06:229 INFO  AccountPage :66 - clicking on Withdrawl button[[ChromeDriver: chrome on WINDOWS (c5e2f7ad21cfdc3cb60ac97cf10e5089)] -> xpath: //button[contains(text(),'Withdrawl')]]
2021-06-25 23:06:340 INFO  AccountPage :71 - enter the amount50on the Withdrawl field[[ChromeDriver: chrome on WINDOWS (c5e2f7ad21cfdc3cb60ac97cf10e5089)] -> xpath: //input[@type='number']]
2021-06-25 23:06:365 INFO  BasePage :36 - Launching Chrome Browser
2021-06-25 23:06:828 INFO  HomePage :24 - Clicking on Bank Manager Button[[ChromeDriver: chrome on WINDOWS (19b77d09ba09a09a6b58c6059e690d02)] -> xpath: //button[contains(text(),'Bank Manager Login')]]
2021-06-25 23:06:13 INFO  BankManagerLoginPage :21 - Clicking On Add Customer Button [[ChromeDriver: chrome on WINDOWS (19b77d09ba09a09a6b58c6059e690d02)] -> xpath: //button[contains(text(),'Add Customer')]]
2021-06-25 23:06:705 INFO  AddCustomerPage :31 - Enter first name [[ChromeDriver: chrome on WINDOWS (19b77d09ba09a09a6b58c6059e690d02)] -> xpath: //input[@placeholder='First Name']]
2021-06-25 23:06:901 INFO  AddCustomerPage :36 - Enter last name [[ChromeDriver: chrome on WINDOWS (19b77d09ba09a09a6b58c6059e690d02)] -> xpath: //input[@placeholder='Last Name']]
2021-06-25 23:06:86 INFO  AddCustomerPage :41 - Enter Post Code [[ChromeDriver: chrome on WINDOWS (19b77d09ba09a09a6b58c6059e690d02)] -> xpath: //input[@placeholder='Post Code']]
2021-06-25 23:06:134 INFO  AddCustomerPage :46 - Clicking On Add Customer Button [[ChromeDriver: chrome on WINDOWS (19b77d09ba09a09a6b58c6059e690d02)] -> xpath: //button[@class='btn btn-default']]
2021-06-25 23:06:365 INFO  AddCustomerPage :52 - Getting text from Alert Customer added successfully with customer id :6
2021-06-25 23:06:623 INFO  BankManagerLoginPage :26 - Clicking on Open Account Tab [[ChromeDriver: chrome on WINDOWS (19b77d09ba09a09a6b58c6059e690d02)] -> xpath: //button[contains(text(),'Open Account')]]
2021-06-25 23:06:289 INFO  OpenAccountPage :25 - Select customer 6from drop down list [[ChromeDriver: chrome on WINDOWS (19b77d09ba09a09a6b58c6059e690d02)] -> xpath: //select[@id='userSelect']]
2021-06-25 23:06:544 INFO  OpenAccountPage :30 - select currency Poundfrom drop down list[[ChromeDriver: chrome on WINDOWS (19b77d09ba09a09a6b58c6059e690d02)] -> xpath: //select[@id='currency']]
2021-06-25 23:06:580 INFO  OpenAccountPage :34 - click on process button[[ChromeDriver: chrome on WINDOWS (19b77d09ba09a09a6b58c6059e690d02)] -> xpath: //button[contains(text(),'Process')]]
2021-06-25 23:06:679 INFO  OpenAccountPage :40 - Getting text from Alert Account created successfully with account Number :1016
2021-06-25 23:06:708 INFO  OpenAccountPage :47 - Accept on alert
2021-06-25 23:06:776 INFO  HomePage :32 - Clicking on homebutton[[ChromeDriver: chrome on WINDOWS (19b77d09ba09a09a6b58c6059e690d02)] -> xpath: //button[contains(text(),'Home')]]
2021-06-25 23:06:84 INFO  HomePage :28 - Clicking on CustomerLoginButton[[ChromeDriver: chrome on WINDOWS (19b77d09ba09a09a6b58c6059e690d02)] -> xpath: //button[contains(text(),'Customer Login')]]
2021-06-25 23:06:608 INFO  CustomersPage :33 - select customer5from Drop down list[[ChromeDriver: chrome on WINDOWS (19b77d09ba09a09a6b58c6059e690d02)] -> xpath: //select[@id='userSelect']]
2021-06-25 23:06:749 INFO  CustomersPage :38 - Click On Login Button[[ChromeDriver: chrome on WINDOWS (19b77d09ba09a09a6b58c6059e690d02)] -> xpath: //button[contains(text(),'Login')]]
2021-06-25 23:06:81 INFO  AccountPage :45 - Clicking on Deposit Button[[ChromeDriver: chrome on WINDOWS (19b77d09ba09a09a6b58c6059e690d02)] -> xpath: //button[contains(text(),'Deposit')]]
2021-06-25 23:06:435 INFO  AccountPage :50 - enter the amount100to deposit field[[ChromeDriver: chrome on WINDOWS (19b77d09ba09a09a6b58c6059e690d02)] -> xpath: //input[@type='number']]
2021-06-25 23:06:587 INFO  AccountPage :55 - Click On Deposit amount Button after Amount Selected [[ChromeDriver: chrome on WINDOWS (19b77d09ba09a09a6b58c6059e690d02)] -> xpath: //button[@type='submit']]
2021-06-25 23:06:615 INFO  AccountPage :59 - Getting Text deposited successfully[[ChromeDriver: chrome on WINDOWS (19b77d09ba09a09a6b58c6059e690d02)] -> xpath: //span[contains(text(),'Deposit Successful')]]
2021-06-25 23:06:790 INFO  AccountPage :66 - clicking on Withdrawl button[[ChromeDriver: chrome on WINDOWS (19b77d09ba09a09a6b58c6059e690d02)] -> xpath: //button[contains(text(),'Withdrawl')]]
2021-06-25 23:06:885 INFO  AccountPage :71 - enter the amount50on the Withdrawl field[[ChromeDriver: chrome on WINDOWS (19b77d09ba09a09a6b58c6059e690d02)] -> xpath: //input[@type='number']]
2021-06-25 23:06:908 INFO  AccountPage :75 - Clicking on Withdraw Button After Amount Entered[[ChromeDriver: chrome on WINDOWS (19b77d09ba09a09a6b58c6059e690d02)] -> xpath: //body/div[3]/div[1]/div[2]/div[1]/div[4]/div[1]/form[1]/button[1]]
2021-06-25 23:06:742 INFO  BasePage :36 - Launching Chrome Browser
2021-06-25 23:06:950 INFO  HomePage :24 - Clicking on Bank Manager Button[[ChromeDriver: chrome on WINDOWS (127874cd2698095381353f598b7dd3eb)] -> xpath: //button[contains(text(),'Bank Manager Login')]]
2021-06-25 23:06:308 INFO  BankManagerLoginPage :21 - Clicking On Add Customer Button [[ChromeDriver: chrome on WINDOWS (127874cd2698095381353f598b7dd3eb)] -> xpath: //button[contains(text(),'Add Customer')]]
2021-06-25 23:06:998 INFO  AddCustomerPage :31 - Enter first name [[ChromeDriver: chrome on WINDOWS (127874cd2698095381353f598b7dd3eb)] -> xpath: //input[@placeholder='First Name']]
2021-06-25 23:06:203 INFO  AddCustomerPage :36 - Enter last name [[ChromeDriver: chrome on WINDOWS (127874cd2698095381353f598b7dd3eb)] -> xpath: //input[@placeholder='Last Name']]
2021-06-25 23:06:451 INFO  AddCustomerPage :41 - Enter Post Code [[ChromeDriver: chrome on WINDOWS (127874cd2698095381353f598b7dd3eb)] -> xpath: //input[@placeholder='Post Code']]
2021-06-25 23:06:505 INFO  AddCustomerPage :46 - Clicking On Add Customer Button [[ChromeDriver: chrome on WINDOWS (127874cd2698095381353f598b7dd3eb)] -> xpath: //button[@class='btn btn-default']]
2021-06-25 23:06:732 INFO  AddCustomerPage :52 - Getting text from Alert Customer added successfully with customer id :6
2021-06-25 23:06:79 INFO  BankManagerLoginPage :26 - Clicking on Open Account Tab [[ChromeDriver: chrome on WINDOWS (127874cd2698095381353f598b7dd3eb)] -> xpath: //button[contains(text(),'Open Account')]]
2021-06-25 23:06:756 INFO  OpenAccountPage :25 - Select customer 6from drop down list [[ChromeDriver: chrome on WINDOWS (127874cd2698095381353f598b7dd3eb)] -> xpath: //select[@id='userSelect']]
2021-06-25 23:06:995 INFO  OpenAccountPage :30 - select currency Poundfrom drop down list[[ChromeDriver: chrome on WINDOWS (127874cd2698095381353f598b7dd3eb)] -> xpath: //select[@id='currency']]
2021-06-25 23:06:39 INFO  OpenAccountPage :34 - click on process button[[ChromeDriver: chrome on WINDOWS (127874cd2698095381353f598b7dd3eb)] -> xpath: //button[contains(text(),'Process')]]
2021-06-25 23:06:135 INFO  OpenAccountPage :40 - Getting text from Alert Account created successfully with account Number :1016
2021-06-25 23:06:158 INFO  OpenAccountPage :47 - Accept on alert
2021-06-25 23:06:211 INFO  HomePage :32 - Clicking on homebutton[[ChromeDriver: chrome on WINDOWS (127874cd2698095381353f598b7dd3eb)] -> xpath: //button[contains(text(),'Home')]]
2021-06-25 23:06:424 INFO  HomePage :28 - Clicking on CustomerLoginButton[[ChromeDriver: chrome on WINDOWS (127874cd2698095381353f598b7dd3eb)] -> xpath: //button[contains(text(),'Customer Login')]]
2021-06-25 23:06:962 INFO  CustomersPage :33 - select customer5from Drop down list[[ChromeDriver: chrome on WINDOWS (127874cd2698095381353f598b7dd3eb)] -> xpath: //select[@id='userSelect']]
2021-06-25 23:06:86 INFO  CustomersPage :38 - Click On Login Button[[ChromeDriver: chrome on WINDOWS (127874cd2698095381353f598b7dd3eb)] -> xpath: //button[contains(text(),'Login')]]
2021-06-25 23:06:420 INFO  AccountPage :48 - Clicking on Deposit Button[[ChromeDriver: chrome on WINDOWS (127874cd2698095381353f598b7dd3eb)] -> xpath: //button[contains(text(),'Deposit')]]
2021-06-25 23:06:766 INFO  AccountPage :53 - enter the amount100to deposit field[[ChromeDriver: chrome on WINDOWS (127874cd2698095381353f598b7dd3eb)] -> xpath: //input[@type='number']]
2021-06-25 23:06:922 INFO  AccountPage :58 - Click On Deposit amount Button after Amount Selected [[ChromeDriver: chrome on WINDOWS (127874cd2698095381353f598b7dd3eb)] -> xpath: //button[@type='submit']]
2021-06-25 23:06:942 INFO  AccountPage :62 - Getting Text deposited successfully[[ChromeDriver: chrome on WINDOWS (127874cd2698095381353f598b7dd3eb)] -> xpath: //span[contains(text(),'Deposit Successful')]]
2021-06-25 23:06:110 INFO  AccountPage :69 - clicking on Withdrawl button[[ChromeDriver: chrome on WINDOWS (127874cd2698095381353f598b7dd3eb)] -> xpath: //body/div[3]/div[1]/div[2]/div[1]/div[3]/button[3]]
2021-06-25 23:06:213 INFO  AccountPage :74 - enter the amount50on the Withdrawl field[[ChromeDriver: chrome on WINDOWS (127874cd2698095381353f598b7dd3eb)] -> xpath: //input[@type='number']]
2021-06-25 23:06:245 INFO  AccountPage :78 - Clicking on Withdraw Button After Amount Entered[[ChromeDriver: chrome on WINDOWS (127874cd2698095381353f598b7dd3eb)] -> xpath: //body/div[3]/div[1]/div[2]/div[1]/div[4]/div[1]/form[1]/button[1]]
2021-06-25 23:06:524 INFO  BasePage :36 - Launching Chrome Browser
2021-06-25 23:06:803 INFO  HomePage :24 - Clicking on Bank Manager Button[[ChromeDriver: chrome on WINDOWS (e619ada4b3d2a433a8d1eca8654f280e)] -> xpath: //button[contains(text(),'Bank Manager Login')]]
2021-06-25 23:06:130 INFO  BankManagerLoginPage :21 - Clicking On Add Customer Button [[ChromeDriver: chrome on WINDOWS (e619ada4b3d2a433a8d1eca8654f280e)] -> xpath: //button[contains(text(),'Add Customer')]]
2021-06-25 23:06:556 INFO  AddCustomerPage :31 - Enter first name [[ChromeDriver: chrome on WINDOWS (e619ada4b3d2a433a8d1eca8654f280e)] -> xpath: //input[@placeholder='First Name']]
2021-06-25 23:06:803 INFO  AddCustomerPage :36 - Enter last name [[ChromeDriver: chrome on WINDOWS (e619ada4b3d2a433a8d1eca8654f280e)] -> xpath: //input[@placeholder='Last Name']]
2021-06-25 23:06:986 INFO  AddCustomerPage :41 - Enter Post Code [[ChromeDriver: chrome on WINDOWS (e619ada4b3d2a433a8d1eca8654f280e)] -> xpath: //input[@placeholder='Post Code']]
2021-06-25 23:06:35 INFO  AddCustomerPage :46 - Clicking On Add Customer Button [[ChromeDriver: chrome on WINDOWS (e619ada4b3d2a433a8d1eca8654f280e)] -> xpath: //button[@class='btn btn-default']]
2021-06-25 23:06:289 INFO  AddCustomerPage :52 - Getting text from Alert Customer added successfully with customer id :6
2021-06-25 23:06:555 INFO  BankManagerLoginPage :26 - Clicking on Open Account Tab [[ChromeDriver: chrome on WINDOWS (e619ada4b3d2a433a8d1eca8654f280e)] -> xpath: //button[contains(text(),'Open Account')]]
2021-06-25 23:06:222 INFO  OpenAccountPage :25 - Select customer 6from drop down list [[ChromeDriver: chrome on WINDOWS (e619ada4b3d2a433a8d1eca8654f280e)] -> xpath: //select[@id='userSelect']]
2021-06-25 23:06:471 INFO  OpenAccountPage :30 - select currency Poundfrom drop down list[[ChromeDriver: chrome on WINDOWS (e619ada4b3d2a433a8d1eca8654f280e)] -> xpath: //select[@id='currency']]
2021-06-25 23:06:510 INFO  OpenAccountPage :34 - click on process button[[ChromeDriver: chrome on WINDOWS (e619ada4b3d2a433a8d1eca8654f280e)] -> xpath: //button[contains(text(),'Process')]]
2021-06-25 23:06:612 INFO  OpenAccountPage :40 - Getting text from Alert Account created successfully with account Number :1016
2021-06-25 23:06:640 INFO  OpenAccountPage :47 - Accept on alert
2021-06-25 23:06:686 INFO  HomePage :32 - Clicking on homebutton[[ChromeDriver: chrome on WINDOWS (e619ada4b3d2a433a8d1eca8654f280e)] -> xpath: //button[contains(text(),'Home')]]
2021-06-25 23:06:870 INFO  HomePage :28 - Clicking on CustomerLoginButton[[ChromeDriver: chrome on WINDOWS (e619ada4b3d2a433a8d1eca8654f280e)] -> xpath: //button[contains(text(),'Customer Login')]]
2021-06-25 23:06:384 INFO  CustomersPage :33 - select customer5from Drop down list[[ChromeDriver: chrome on WINDOWS (e619ada4b3d2a433a8d1eca8654f280e)] -> xpath: //select[@id='userSelect']]
2021-06-25 23:06:511 INFO  CustomersPage :38 - Click On Login Button[[ChromeDriver: chrome on WINDOWS (e619ada4b3d2a433a8d1eca8654f280e)] -> xpath: //button[contains(text(),'Login')]]
2021-06-25 23:06:808 INFO  AccountPage :48 - Clicking on Deposit Button[[ChromeDriver: chrome on WINDOWS (e619ada4b3d2a433a8d1eca8654f280e)] -> xpath: //button[contains(text(),'Deposit')]]
2021-06-25 23:06:143 INFO  AccountPage :53 - enter the amount100to deposit field[[ChromeDriver: chrome on WINDOWS (e619ada4b3d2a433a8d1eca8654f280e)] -> xpath: //input[@type='number']]
2021-06-25 23:06:272 INFO  AccountPage :58 - Click On Deposit amount Button after Amount Selected [[ChromeDriver: chrome on WINDOWS (e619ada4b3d2a433a8d1eca8654f280e)] -> xpath: //button[@type='submit']]
2021-06-25 23:06:321 INFO  AccountPage :62 - Getting Text deposited successfully[[ChromeDriver: chrome on WINDOWS (e619ada4b3d2a433a8d1eca8654f280e)] -> xpath: //span[contains(text(),'Deposit Successful')]]
2021-06-25 23:06:487 INFO  AccountPage :69 - clicking on Withdrawl button[[ChromeDriver: chrome on WINDOWS (e619ada4b3d2a433a8d1eca8654f280e)] -> xpath: //body/div[3]/div[1]/div[2]/div[1]/div[3]/button[3]]
2021-06-25 23:06:584 INFO  AccountPage :74 - enter the amount50on the Withdrawl field[[ChromeDriver: chrome on WINDOWS (e619ada4b3d2a433a8d1eca8654f280e)] -> xpath: //input[@type='number']]
2021-06-25 23:06:621 INFO  AccountPage :78 - Clicking on Withdraw Button After Amount Entered[[ChromeDriver: chrome on WINDOWS (e619ada4b3d2a433a8d1eca8654f280e)] -> xpath: //body/div[3]/div[1]/div[2]/div[1]/div[4]/div[1]/form[1]/button[1]]
2021-06-25 23:06:970 INFO  AccountPage :83 - getting text from Withdrawl Successful messageProxy element for: DefaultElementLocator 'By.xpath: //span[contains(text(),'Transaction successful')]'
2021-06-25 23:06:163 INFO  BasePage :36 - Launching Chrome Browser
2021-06-25 23:06:568 INFO  HomePage :24 - Clicking on Bank Manager Button[[ChromeDriver: chrome on WINDOWS (6fec29de6ad00f83a29b26194a9e27e4)] -> xpath: //button[contains(text(),'Bank Manager Login')]]
2021-06-25 23:06:917 INFO  BankManagerLoginPage :21 - Clicking On Add Customer Button [[ChromeDriver: chrome on WINDOWS (6fec29de6ad00f83a29b26194a9e27e4)] -> xpath: //button[contains(text(),'Add Customer')]]
2021-06-25 23:06:578 INFO  AddCustomerPage :31 - Enter first name [[ChromeDriver: chrome on WINDOWS (6fec29de6ad00f83a29b26194a9e27e4)] -> xpath: //input[@placeholder='First Name']]
2021-06-25 23:06:781 INFO  AddCustomerPage :36 - Enter last name [[ChromeDriver: chrome on WINDOWS (6fec29de6ad00f83a29b26194a9e27e4)] -> xpath: //input[@placeholder='Last Name']]
2021-06-25 23:06:968 INFO  AddCustomerPage :41 - Enter Post Code [[ChromeDriver: chrome on WINDOWS (6fec29de6ad00f83a29b26194a9e27e4)] -> xpath: //input[@placeholder='Post Code']]
2021-06-25 23:06:18 INFO  AddCustomerPage :46 - Clicking On Add Customer Button [[ChromeDriver: chrome on WINDOWS (6fec29de6ad00f83a29b26194a9e27e4)] -> xpath: //button[@class='btn btn-default']]
2021-06-25 23:06:261 INFO  AddCustomerPage :52 - Getting text from Alert Customer added successfully with customer id :6
2021-06-25 23:06:561 INFO  BankManagerLoginPage :26 - Clicking on Open Account Tab [[ChromeDriver: chrome on WINDOWS (6fec29de6ad00f83a29b26194a9e27e4)] -> xpath: //button[contains(text(),'Open Account')]]
2021-06-25 23:06:206 INFO  OpenAccountPage :25 - Select customer 6from drop down list [[ChromeDriver: chrome on WINDOWS (6fec29de6ad00f83a29b26194a9e27e4)] -> xpath: //select[@id='userSelect']]
2021-06-25 23:06:473 INFO  OpenAccountPage :30 - select currency Poundfrom drop down list[[ChromeDriver: chrome on WINDOWS (6fec29de6ad00f83a29b26194a9e27e4)] -> xpath: //select[@id='currency']]
2021-06-25 23:06:510 INFO  OpenAccountPage :34 - click on process button[[ChromeDriver: chrome on WINDOWS (6fec29de6ad00f83a29b26194a9e27e4)] -> xpath: //button[contains(text(),'Process')]]
2021-06-25 23:06:610 INFO  OpenAccountPage :40 - Getting text from Alert Account created successfully with account Number :1016
2021-06-25 23:06:638 INFO  OpenAccountPage :47 - Accept on alert
2021-06-25 23:06:675 INFO  HomePage :32 - Clicking on homebutton[[ChromeDriver: chrome on WINDOWS (6fec29de6ad00f83a29b26194a9e27e4)] -> xpath: //button[contains(text(),'Home')]]
2021-06-25 23:06:898 INFO  HomePage :28 - Clicking on CustomerLoginButton[[ChromeDriver: chrome on WINDOWS (6fec29de6ad00f83a29b26194a9e27e4)] -> xpath: //button[contains(text(),'Customer Login')]]
2021-06-25 23:06:433 INFO  CustomersPage :33 - select customer5from Drop down list[[ChromeDriver: chrome on WINDOWS (6fec29de6ad00f83a29b26194a9e27e4)] -> xpath: //select[@id='userSelect']]
2021-06-25 23:06:564 INFO  CustomersPage :38 - Click On Login Button[[ChromeDriver: chrome on WINDOWS (6fec29de6ad00f83a29b26194a9e27e4)] -> xpath: //button[contains(text(),'Login')]]
2021-06-25 23:06:874 INFO  AccountPage :48 - Clicking on Deposit Button[[ChromeDriver: chrome on WINDOWS (6fec29de6ad00f83a29b26194a9e27e4)] -> xpath: //button[contains(text(),'Deposit')]]
2021-06-25 23:06:203 INFO  AccountPage :53 - enter the amount100to deposit field[[ChromeDriver: chrome on WINDOWS (6fec29de6ad00f83a29b26194a9e27e4)] -> xpath: //input[@type='number']]
2021-06-25 23:06:361 INFO  AccountPage :58 - Click On Deposit amount Button after Amount Selected [[ChromeDriver: chrome on WINDOWS (6fec29de6ad00f83a29b26194a9e27e4)] -> xpath: //button[@type='submit']]
2021-06-25 23:06:420 INFO  AccountPage :62 - Getting Text deposited successfully[[ChromeDriver: chrome on WINDOWS (6fec29de6ad00f83a29b26194a9e27e4)] -> xpath: //span[contains(text(),'Deposit Successful')]]
2021-06-25 23:06:595 INFO  AccountPage :69 - clicking on Withdrawl button[[ChromeDriver: chrome on WINDOWS (6fec29de6ad00f83a29b26194a9e27e4)] -> xpath: //body/div[3]/div[1]/div[2]/div[1]/div[3]/button[3]]
2021-06-25 23:06:709 INFO  AccountPage :74 - enter the amount50on the Withdrawl field[[ChromeDriver: chrome on WINDOWS (6fec29de6ad00f83a29b26194a9e27e4)] -> xpath: //input[@type='number']]
2021-06-25 23:06:747 INFO  AccountPage :78 - Clicking on Withdraw Button After Amount Entered[[ChromeDriver: chrome on WINDOWS (6fec29de6ad00f83a29b26194a9e27e4)] -> xpath: //body/div[3]/div[1]/div[2]/div[1]/div[4]/div[1]/form[1]/button[1]]
2021-06-25 23:06:922 INFO  AccountPage :83 - getting text from Withdrawl Successful messageProxy element for: DefaultElementLocator 'By.xpath: //span[contains(text(),'Transaction successful')]'
2021-06-25 23:06:832 INFO  BasePage :36 - Launching Chrome Browser
2021-06-25 23:06:455 INFO  HomePage :24 - Clicking on Bank Manager Button[[ChromeDriver: chrome on WINDOWS (22f3ded87311aa17f310e985a973ff86)] -> xpath: //button[contains(text(),'Bank Manager Login')]]
2021-06-25 23:06:67 INFO  BankManagerLoginPage :21 - Clicking On Add Customer Button [[ChromeDriver: chrome on WINDOWS (22f3ded87311aa17f310e985a973ff86)] -> xpath: //button[contains(text(),'Add Customer')]]
2021-06-25 23:06:703 INFO  AddCustomerPage :31 - Enter first name [[ChromeDriver: chrome on WINDOWS (22f3ded87311aa17f310e985a973ff86)] -> xpath: //input[@placeholder='First Name']]
2021-06-25 23:06:909 INFO  AddCustomerPage :36 - Enter last name [[ChromeDriver: chrome on WINDOWS (22f3ded87311aa17f310e985a973ff86)] -> xpath: //input[@placeholder='Last Name']]
2021-06-25 23:06:152 INFO  AddCustomerPage :41 - Enter Post Code [[ChromeDriver: chrome on WINDOWS (22f3ded87311aa17f310e985a973ff86)] -> xpath: //input[@placeholder='Post Code']]
2021-06-25 23:06:190 INFO  AddCustomerPage :46 - Clicking On Add Customer Button [[ChromeDriver: chrome on WINDOWS (22f3ded87311aa17f310e985a973ff86)] -> xpath: //button[@class='btn btn-default']]
2021-06-25 23:06:409 INFO  AddCustomerPage :52 - Getting text from Alert Customer added successfully with customer id :6
2021-06-25 23:06:668 INFO  BankManagerLoginPage :26 - Clicking on Open Account Tab [[ChromeDriver: chrome on WINDOWS (22f3ded87311aa17f310e985a973ff86)] -> xpath: //button[contains(text(),'Open Account')]]
2021-06-25 23:06:331 INFO  OpenAccountPage :25 - Select customer 6from drop down list [[ChromeDriver: chrome on WINDOWS (22f3ded87311aa17f310e985a973ff86)] -> xpath: //select[@id='userSelect']]
2021-06-25 23:06:569 INFO  OpenAccountPage :30 - select currency Poundfrom drop down list[[ChromeDriver: chrome on WINDOWS (22f3ded87311aa17f310e985a973ff86)] -> xpath: //select[@id='currency']]
2021-06-25 23:06:606 INFO  OpenAccountPage :34 - click on process button[[ChromeDriver: chrome on WINDOWS (22f3ded87311aa17f310e985a973ff86)] -> xpath: //button[contains(text(),'Process')]]
2021-06-25 23:06:707 INFO  OpenAccountPage :40 - Getting text from Alert Account created successfully with account Number :1016
2021-06-25 23:06:733 INFO  OpenAccountPage :47 - Accept on alert
2021-06-25 23:06:775 INFO  HomePage :32 - Clicking on homebutton[[ChromeDriver: chrome on WINDOWS (22f3ded87311aa17f310e985a973ff86)] -> xpath: //button[contains(text(),'Home')]]
2021-06-25 23:06:972 INFO  HomePage :28 - Clicking on CustomerLoginButton[[ChromeDriver: chrome on WINDOWS (22f3ded87311aa17f310e985a973ff86)] -> xpath: //button[contains(text(),'Customer Login')]]
2021-06-25 23:06:507 INFO  CustomersPage :33 - select customer5from Drop down list[[ChromeDriver: chrome on WINDOWS (22f3ded87311aa17f310e985a973ff86)] -> xpath: //select[@id='userSelect']]
2021-06-25 23:06:640 INFO  CustomersPage :38 - Click On Login Button[[ChromeDriver: chrome on WINDOWS (22f3ded87311aa17f310e985a973ff86)] -> xpath: //button[contains(text(),'Login')]]
2021-06-25 23:06:948 INFO  AccountPage :48 - Clicking on Deposit Button[[ChromeDriver: chrome on WINDOWS (22f3ded87311aa17f310e985a973ff86)] -> xpath: //button[contains(text(),'Deposit')]]
2021-06-25 23:06:284 INFO  AccountPage :53 - enter the amount100to deposit field[[ChromeDriver: chrome on WINDOWS (22f3ded87311aa17f310e985a973ff86)] -> xpath: //input[@type='number']]
2021-06-25 23:06:437 INFO  AccountPage :58 - Click On Deposit amount Button after Amount Selected [[ChromeDriver: chrome on WINDOWS (22f3ded87311aa17f310e985a973ff86)] -> xpath: //button[@type='submit']]
2021-06-25 23:06:464 INFO  AccountPage :62 - Getting Text deposited successfully[[ChromeDriver: chrome on WINDOWS (22f3ded87311aa17f310e985a973ff86)] -> xpath: //span[contains(text(),'Deposit Successful')]]
2021-06-25 23:06:643 INFO  AccountPage :69 - clicking on Withdrawl button[[ChromeDriver: chrome on WINDOWS (22f3ded87311aa17f310e985a973ff86)] -> xpath: //body/div[3]/div[1]/div[2]/div[1]/div[3]/button[3]]
2021-06-25 23:06:738 INFO  AccountPage :74 - enter the amount50on the Withdrawl field[[ChromeDriver: chrome on WINDOWS (22f3ded87311aa17f310e985a973ff86)] -> xpath: //input[@type='number']]
2021-06-25 23:06:779 INFO  AccountPage :78 - Clicking on Withdraw Button After Amount Entered[[ChromeDriver: chrome on WINDOWS (22f3ded87311aa17f310e985a973ff86)] -> xpath: //body/div[3]/div[1]/div[2]/div[1]/div[4]/div[1]/form[1]/button[1]]
2021-06-25 23:06:997 INFO  AccountPage :83 - getting text from Withdrawl Successful messageProxy element for: DefaultElementLocator 'By.xpath: //span[contains(text(),'Transaction successful')]'
2021-06-25 23:06:306 INFO  BasePage :36 - Launching Chrome Browser
2021-06-25 23:06:760 INFO  HomePage :24 - Clicking on Bank Manager Button[[ChromeDriver: chrome on WINDOWS (df19ae42c132bf677a3d13d12851ef18)] -> xpath: //button[contains(text(),'Bank Manager Login')]]
2021-06-25 23:06:367 INFO  BankManagerLoginPage :21 - Clicking On Add Customer Button [[ChromeDriver: chrome on WINDOWS (df19ae42c132bf677a3d13d12851ef18)] -> xpath: //button[contains(text(),'Add Customer')]]
2021-06-25 23:06:783 INFO  AddCustomerPage :31 - Enter first name [[ChromeDriver: chrome on WINDOWS (df19ae42c132bf677a3d13d12851ef18)] -> xpath: //input[@placeholder='First Name']]
2021-06-25 23:06:998 INFO  AddCustomerPage :36 - Enter last name [[ChromeDriver: chrome on WINDOWS (df19ae42c132bf677a3d13d12851ef18)] -> xpath: //input[@placeholder='Last Name']]
2021-06-25 23:06:223 INFO  AddCustomerPage :41 - Enter Post Code [[ChromeDriver: chrome on WINDOWS (df19ae42c132bf677a3d13d12851ef18)] -> xpath: //input[@placeholder='Post Code']]
2021-06-25 23:06:265 INFO  AddCustomerPage :46 - Clicking On Add Customer Button [[ChromeDriver: chrome on WINDOWS (df19ae42c132bf677a3d13d12851ef18)] -> xpath: //button[@class='btn btn-default']]
2021-06-25 23:06:491 INFO  AddCustomerPage :52 - Getting text from Alert Customer added successfully with customer id :6
2021-06-25 23:06:762 INFO  BankManagerLoginPage :26 - Clicking on Open Account Tab [[ChromeDriver: chrome on WINDOWS (df19ae42c132bf677a3d13d12851ef18)] -> xpath: //button[contains(text(),'Open Account')]]
2021-06-25 23:06:411 INFO  OpenAccountPage :25 - Select customer 6from drop down list [[ChromeDriver: chrome on WINDOWS (df19ae42c132bf677a3d13d12851ef18)] -> xpath: //select[@id='userSelect']]
2021-06-25 23:06:678 INFO  OpenAccountPage :30 - select currency Poundfrom drop down list[[ChromeDriver: chrome on WINDOWS (df19ae42c132bf677a3d13d12851ef18)] -> xpath: //select[@id='currency']]
2021-06-25 23:06:714 INFO  OpenAccountPage :34 - click on process button[[ChromeDriver: chrome on WINDOWS (df19ae42c132bf677a3d13d12851ef18)] -> xpath: //button[contains(text(),'Process')]]
2021-06-25 23:06:815 INFO  OpenAccountPage :40 - Getting text from Alert Account created successfully with account Number :1016
2021-06-25 23:06:845 INFO  OpenAccountPage :47 - Accept on alert
2021-06-25 23:06:885 INFO  HomePage :32 - Clicking on homebutton[[ChromeDriver: chrome on WINDOWS (df19ae42c132bf677a3d13d12851ef18)] -> xpath: //button[contains(text(),'Home')]]
2021-06-25 23:06:123 INFO  HomePage :28 - Clicking on CustomerLoginButton[[ChromeDriver: chrome on WINDOWS (df19ae42c132bf677a3d13d12851ef18)] -> xpath: //button[contains(text(),'Customer Login')]]
2021-06-25 23:06:684 INFO  CustomersPage :33 - select customer5from Drop down list[[ChromeDriver: chrome on WINDOWS (df19ae42c132bf677a3d13d12851ef18)] -> xpath: //select[@id='userSelect']]
2021-06-25 23:06:806 INFO  CustomersPage :38 - Click On Login Button[[ChromeDriver: chrome on WINDOWS (df19ae42c132bf677a3d13d12851ef18)] -> xpath: //button[contains(text(),'Login')]]
2021-06-25 23:06:151 INFO  AccountPage :49 - Clicking on Deposit Button[[ChromeDriver: chrome on WINDOWS (df19ae42c132bf677a3d13d12851ef18)] -> xpath: //button[contains(text(),'Deposit')]]
2021-06-25 23:06:486 INFO  AccountPage :54 - enter the amount100to deposit field[[ChromeDriver: chrome on WINDOWS (df19ae42c132bf677a3d13d12851ef18)] -> xpath: //body/div[3]/div[1]/div[2]/div[1]/div[4]/div[1]/form[1]/div[1]/input[1]]
2021-06-25 23:06:641 INFO  AccountPage :59 - Click On Deposit amount Button after Amount Selected [[ChromeDriver: chrome on WINDOWS (df19ae42c132bf677a3d13d12851ef18)] -> xpath: //button[@type='submit']]
2021-06-25 23:06:663 INFO  AccountPage :63 - Getting Text deposited successfully[[ChromeDriver: chrome on WINDOWS (df19ae42c132bf677a3d13d12851ef18)] -> xpath: //span[contains(text(),'Deposit Successful')]]
2021-06-25 23:06:847 INFO  AccountPage :70 - clicking on Withdrawl button[[ChromeDriver: chrome on WINDOWS (df19ae42c132bf677a3d13d12851ef18)] -> xpath: //body/div[3]/div[1]/div[2]/div[1]/div[3]/button[3]]
2021-06-25 23:06:942 INFO  AccountPage :75 - enter the amount50on the Withdrawl field[[ChromeDriver: chrome on WINDOWS (df19ae42c132bf677a3d13d12851ef18)] -> xpath: //body/div[3]/div[1]/div[2]/div[1]/div[4]/div[1]/form[1]/div[1]/input[1]]
2021-06-25 23:06:991 INFO  AccountPage :79 - Clicking on Withdraw Button After Amount Entered[[ChromeDriver: chrome on WINDOWS (df19ae42c132bf677a3d13d12851ef18)] -> xpath: //body/div[3]/div[1]/div[2]/div[1]/div[4]/div[1]/form[1]/button[1]]
2021-06-25 23:06:189 INFO  AccountPage :84 - getting text from Withdrawl Successful messageProxy element for: DefaultElementLocator 'By.xpath: //span[contains(text(),'Transaction successful')]'
2021-06-25 23:06:155 INFO  BasePage :36 - Launching Chrome Browser
2021-06-25 23:06:502 INFO  HomePage :24 - Clicking on Bank Manager ButtonProxy element for: DefaultElementLocator 'By.xpath: //button[contains(text(),'Bank Manager Login')]'
2021-06-25 23:06:638 INFO  BankManagerLoginPage :21 - Clicking On Add Customer Button [[ChromeDriver: chrome on WINDOWS (f0b0c235e471245098a516d71fc12bfe)] -> xpath: //button[contains(text(),'Add Customer')]]
2021-06-25 23:06:205 INFO  AddCustomerPage :31 - Enter first name [[ChromeDriver: chrome on WINDOWS (f0b0c235e471245098a516d71fc12bfe)] -> xpath: //input[@placeholder='First Name']]
2021-06-25 23:06:414 INFO  AddCustomerPage :36 - Enter last name [[ChromeDriver: chrome on WINDOWS (f0b0c235e471245098a516d71fc12bfe)] -> xpath: //input[@placeholder='Last Name']]
2021-06-25 23:06:619 INFO  AddCustomerPage :41 - Enter Post Code [[ChromeDriver: chrome on WINDOWS (f0b0c235e471245098a516d71fc12bfe)] -> xpath: //input[@placeholder='Post Code']]
2021-06-25 23:06:654 INFO  AddCustomerPage :46 - Clicking On Add Customer Button [[ChromeDriver: chrome on WINDOWS (f0b0c235e471245098a516d71fc12bfe)] -> xpath: //button[@class='btn btn-default']]
2021-06-25 23:06:884 INFO  AddCustomerPage :52 - Getting text from Alert Customer added successfully with customer id :6
2021-06-25 23:06:126 INFO  BankManagerLoginPage :26 - Clicking on Open Account Tab [[ChromeDriver: chrome on WINDOWS (f0b0c235e471245098a516d71fc12bfe)] -> xpath: //button[contains(text(),'Open Account')]]
2021-06-25 23:06:803 INFO  OpenAccountPage :25 - Select customer 6from drop down list [[ChromeDriver: chrome on WINDOWS (f0b0c235e471245098a516d71fc12bfe)] -> xpath: //select[@id='userSelect']]
2021-06-25 23:06:83 INFO  OpenAccountPage :30 - select currency Poundfrom drop down list[[ChromeDriver: chrome on WINDOWS (f0b0c235e471245098a516d71fc12bfe)] -> xpath: //select[@id='currency']]
2021-06-25 23:06:133 INFO  OpenAccountPage :34 - click on process button[[ChromeDriver: chrome on WINDOWS (f0b0c235e471245098a516d71fc12bfe)] -> xpath: //button[contains(text(),'Process')]]
2021-06-25 23:06:243 INFO  OpenAccountPage :40 - Getting text from Alert Account created successfully with account Number :1016
2021-06-25 23:06:262 INFO  OpenAccountPage :47 - Accept on alert
2021-06-25 23:06:308 INFO  HomePage :32 - Clicking on homebutton[[ChromeDriver: chrome on WINDOWS (f0b0c235e471245098a516d71fc12bfe)] -> xpath: //button[contains(text(),'Home')]]
2021-06-25 23:06:484 INFO  HomePage :28 - Clicking on CustomerLoginButton[[ChromeDriver: chrome on WINDOWS (f0b0c235e471245098a516d71fc12bfe)] -> xpath: //button[contains(text(),'Customer Login')]]
2021-06-25 23:06:52 INFO  CustomersPage :33 - select customer5from Drop down list[[ChromeDriver: chrome on WINDOWS (f0b0c235e471245098a516d71fc12bfe)] -> xpath: //select[@id='userSelect']]
2021-06-25 23:06:180 INFO  CustomersPage :38 - Click On Login Button[[ChromeDriver: chrome on WINDOWS (f0b0c235e471245098a516d71fc12bfe)] -> xpath: //button[contains(text(),'Login')]]
2021-06-25 23:06:492 INFO  AccountPage :49 - Clicking on Deposit Button[[ChromeDriver: chrome on WINDOWS (f0b0c235e471245098a516d71fc12bfe)] -> xpath: //button[contains(text(),'Deposit')]]
2021-06-25 23:06:874 INFO  AccountPage :54 - enter the amount100to deposit field[[ChromeDriver: chrome on WINDOWS (f0b0c235e471245098a516d71fc12bfe)] -> xpath: //body/div[3]/div[1]/div[2]/div[1]/div[4]/div[1]/form[1]/div[1]/input[1]]
2021-06-25 23:06:16 INFO  AccountPage :59 - Click On Deposit amount Button after Amount Selected [[ChromeDriver: chrome on WINDOWS (f0b0c235e471245098a516d71fc12bfe)] -> xpath: //button[@type='submit']]
2021-06-25 23:06:39 INFO  AccountPage :63 - Getting Text deposited successfully[[ChromeDriver: chrome on WINDOWS (f0b0c235e471245098a516d71fc12bfe)] -> xpath: //span[contains(text(),'Deposit Successful')]]
2021-06-25 23:06:204 INFO  AccountPage :70 - clicking on Withdrawl button[[ChromeDriver: chrome on WINDOWS (f0b0c235e471245098a516d71fc12bfe)] -> xpath: //body/div[3]/div[1]/div[2]/div[1]/div[3]/button[3]]
2021-06-25 23:06:374 INFO  AccountPage :75 - enter the amount50on the Withdrawl field[[ChromeDriver: chrome on WINDOWS (f0b0c235e471245098a516d71fc12bfe)] -> xpath: //body/div[3]/div[1]/div[2]/div[1]/div[4]/div[1]/form[1]/div[1]/input[1]]
2021-06-25 23:06:397 INFO  AccountPage :79 - Clicking on Withdraw Button After Amount Entered[[ChromeDriver: chrome on WINDOWS (f0b0c235e471245098a516d71fc12bfe)] -> xpath: //body/div[3]/div[1]/div[2]/div[1]/div[4]/div[1]/form[1]/button[1]]
2021-06-25 23:06:552 INFO  AccountPage :84 - getting text from Withdrawl Successful message[[ChromeDriver: chrome on WINDOWS (f0b0c235e471245098a516d71fc12bfe)] -> xpath: //span[contains(text(),'Transaction successful')]]
2021-06-26 00:06:484 INFO  BasePage :36 - Launching Chrome Browser
2021-06-26 00:06:127 INFO  HomePage :24 - Clicking on Bank Manager Button[[ChromeDriver: chrome on WINDOWS (7087cad364d52381d524050e5e0d8b66)] -> xpath: //button[contains(text(),'Bank Manager Login')]]
2021-06-26 00:06:979 INFO  BankManagerLoginPage :21 - Clicking On Add Customer Button [[ChromeDriver: chrome on WINDOWS (7087cad364d52381d524050e5e0d8b66)] -> xpath: //button[contains(text(),'Add Customer')]]
2021-06-26 00:06:226 INFO  AddCustomerPage :31 - Enter first name [[ChromeDriver: chrome on WINDOWS (7087cad364d52381d524050e5e0d8b66)] -> xpath: //input[@placeholder='First Name']]
2021-06-26 00:06:429 INFO  AddCustomerPage :36 - Enter last name [[ChromeDriver: chrome on WINDOWS (7087cad364d52381d524050e5e0d8b66)] -> xpath: //input[@placeholder='Last Name']]
2021-06-26 00:06:648 INFO  AddCustomerPage :41 - Enter Post Code [[ChromeDriver: chrome on WINDOWS (7087cad364d52381d524050e5e0d8b66)] -> xpath: //input[@placeholder='Post Code']]
2021-06-26 00:06:699 INFO  AddCustomerPage :46 - Clicking On Add Customer Button [[ChromeDriver: chrome on WINDOWS (7087cad364d52381d524050e5e0d8b66)] -> xpath: //button[@class='btn btn-default']]
2021-06-26 00:06:902 INFO  AddCustomerPage :52 - Getting text from Alert Customer added successfully with customer id :6
2021-06-26 00:06:144 INFO  BasePage :36 - Launching Chrome Browser
2021-06-26 00:06:543 INFO  HomePage :24 - Clicking on Bank Manager Button[[ChromeDriver: chrome on WINDOWS (a09092bc7c0e31ecf80f3b0070605251)] -> xpath: //button[contains(text(),'Bank Manager Login')]]
2021-06-26 00:06:885 INFO  BankManagerLoginPage :21 - Clicking On Add Customer Button [[ChromeDriver: chrome on WINDOWS (a09092bc7c0e31ecf80f3b0070605251)] -> xpath: //button[contains(text(),'Add Customer')]]
2021-06-26 00:06:336 INFO  AddCustomerPage :31 - Enter first name [[ChromeDriver: chrome on WINDOWS (a09092bc7c0e31ecf80f3b0070605251)] -> xpath: //input[@placeholder='First Name']]
2021-06-26 00:06:535 INFO  AddCustomerPage :36 - Enter last name [[ChromeDriver: chrome on WINDOWS (a09092bc7c0e31ecf80f3b0070605251)] -> xpath: //input[@placeholder='Last Name']]
2021-06-26 00:06:759 INFO  AddCustomerPage :41 - Enter Post Code [[ChromeDriver: chrome on WINDOWS (a09092bc7c0e31ecf80f3b0070605251)] -> xpath: //input[@placeholder='Post Code']]
2021-06-26 00:06:803 INFO  AddCustomerPage :46 - Clicking On Add Customer Button [[ChromeDriver: chrome on WINDOWS (a09092bc7c0e31ecf80f3b0070605251)] -> xpath: //button[@class='btn btn-default']]
2021-06-26 00:06:998 INFO  AddCustomerPage :52 - Getting text from Alert Customer added successfully with customer id :6
2021-06-26 00:06:266 INFO  BankManagerLoginPage :26 - Clicking on Open Account Tab [[ChromeDriver: chrome on WINDOWS (a09092bc7c0e31ecf80f3b0070605251)] -> xpath: //button[contains(text(),'Open Account')]]
2021-06-26 00:06:897 INFO  OpenAccountPage :25 - Select customer 6from drop down list [[ChromeDriver: chrome on WINDOWS (a09092bc7c0e31ecf80f3b0070605251)] -> xpath: //select[@id='userSelect']]
2021-06-26 00:06:131 INFO  OpenAccountPage :30 - select currency Poundfrom drop down list[[ChromeDriver: chrome on WINDOWS (a09092bc7c0e31ecf80f3b0070605251)] -> xpath: //select[@id='currency']]
2021-06-26 00:06:181 INFO  OpenAccountPage :34 - click on process button[[ChromeDriver: chrome on WINDOWS (a09092bc7c0e31ecf80f3b0070605251)] -> xpath: //button[contains(text(),'Process')]]
2021-06-26 00:06:275 INFO  OpenAccountPage :40 - Getting text from Alert Account created successfully with account Number :1016
2021-06-26 00:06:297 INFO  OpenAccountPage :47 - Accept on alert
